2025-08-25 21:29:07.639 [restartedMain] INFO  com.example.demo.DemoApplication - Starting DemoApplication using Java 17.0.15 with PID 14712 (D:\demo\demo\target\classes started by 王品傑 in D:\demo\demo)
2025-08-25 21:29:07.647 [restartedMain] INFO  com.example.demo.DemoApplication - No active profile set, falling back to 1 default profile: "default"
2025-08-25 21:29:07.757 [restartedMain] INFO  o.s.b.d.e.DevToolsPropertyDefaultsPostProcessor - Devtools property defaults active! Set 'spring.devtools.add-properties' to 'false' to disable
2025-08-25 21:29:07.757 [restartedMain] INFO  o.s.b.d.e.DevToolsPropertyDefaultsPostProcessor - For additional web related logging consider setting the 'logging.level.web' property to 'DEBUG'
2025-08-25 21:29:08.713 [restartedMain] INFO  o.s.d.r.c.RepositoryConfigurationDelegate - Bootstrapping Spring Data JPA repositories in DEFAULT mode.
2025-08-25 21:29:08.798 [restartedMain] INFO  o.s.d.r.c.RepositoryConfigurationDelegate - Finished Spring Data repository scanning in 71 ms. Found 4 JPA repository interfaces.
2025-08-25 21:29:09.485 [restartedMain] INFO  o.s.b.w.e.tomcat.TomcatWebServer - Tomcat initialized with port 8080 (http)
2025-08-25 21:29:09.505 [restartedMain] INFO  o.a.catalina.core.StandardService - Starting service [Tomcat]
2025-08-25 21:29:09.506 [restartedMain] INFO  o.a.catalina.core.StandardEngine - Starting Servlet engine: [Apache Tomcat/10.1.43]
2025-08-25 21:29:09.573 [restartedMain] INFO  o.a.c.c.C.[Tomcat].[localhost].[/] - Initializing Spring embedded WebApplicationContext
2025-08-25 21:29:09.573 [restartedMain] INFO  o.s.b.w.s.c.ServletWebServerApplicationContext - Root WebApplicationContext: initialization completed in 1812 ms
2025-08-25 21:29:09.783 [restartedMain] INFO  o.h.jpa.internal.util.LogHelper - HHH000204: Processing PersistenceUnitInfo [name: default]
2025-08-25 21:29:09.838 [restartedMain] INFO  org.hibernate.Version - HHH000412: Hibernate ORM core version 6.6.22.Final
2025-08-25 21:29:09.878 [restartedMain] INFO  o.h.c.i.RegionFactoryInitiator - HHH000026: Second-level cache disabled
2025-08-25 21:29:10.187 [restartedMain] INFO  o.s.o.j.p.SpringPersistenceUnitInfo - No LoadTimeWeaver setup: ignoring JPA class transformer
2025-08-25 21:29:10.216 [restartedMain] INFO  com.zaxxer.hikari.HikariDataSource - HikariPool-1 - Starting...
2025-08-25 21:29:10.469 [restartedMain] INFO  com.zaxxer.hikari.pool.HikariPool - HikariPool-1 - Added connection conn0: url=jdbc:h2:file:./data/testdb user=SA
2025-08-25 21:29:10.471 [restartedMain] INFO  com.zaxxer.hikari.HikariDataSource - HikariPool-1 - Start completed.
2025-08-25 21:29:10.500 [restartedMain] WARN  org.hibernate.orm.deprecation - HHH90000025: H2Dialect does not need to be specified explicitly using 'hibernate.dialect' (remove the property setting and it will be selected by default)
2025-08-25 21:29:10.527 [restartedMain] INFO  o.hibernate.orm.connections.pooling - HHH10001005: Database info:
	Database JDBC URL [Connecting through datasource 'HikariDataSource (HikariPool-1)']
	Database driver: undefined/unknown
	Database version: 2.3.232
	Autocommit mode: undefined/unknown
	Isolation level: undefined/unknown
	Minimum pool size: undefined/unknown
	Maximum pool size: undefined/unknown
2025-08-25 21:29:11.422 [restartedMain] INFO  o.h.e.t.j.p.i.JtaPlatformInitiator - HHH000489: No JTA platform available (set 'hibernate.transaction.jta.platform' to enable JTA platform integration)
2025-08-25 21:29:11.487 [restartedMain] INFO  o.s.o.j.LocalContainerEntityManagerFactoryBean - Initialized JPA EntityManagerFactory for persistence unit 'default'
2025-08-25 21:29:11.754 [restartedMain] INFO  o.s.d.j.r.query.QueryEnhancerFactory - Hibernate is in classpath; If applicable, HQL parser will be used.
2025-08-25 21:29:12.561 [restartedMain] WARN  o.s.b.a.o.j.JpaBaseConfiguration$JpaWebConfiguration - spring.jpa.open-in-view is enabled by default. Therefore, database queries may be performed during view rendering. Explicitly configure spring.jpa.open-in-view to disable this warning
2025-08-25 21:29:12.865 [restartedMain] INFO  o.s.b.a.h.H2ConsoleAutoConfiguration - H2 console available at '/h2-console'. Database available at 'jdbc:h2:file:./data/testdb'
2025-08-25 21:29:12.943 [restartedMain] INFO  o.s.b.d.a.OptionalLiveReloadServer - LiveReload server is running on port 35729
2025-08-25 21:29:12.982 [restartedMain] INFO  o.s.b.w.e.tomcat.TomcatWebServer - Tomcat started on port 8080 (http) with context path '/'
2025-08-25 21:29:12.994 [restartedMain] INFO  com.example.demo.DemoApplication - Started DemoApplication in 6.129 seconds (process running for 6.618)
2025-08-25 21:59:00.742 [restartedMain] INFO  com.example.demo.DemoApplication - Starting DemoApplication using Java 17.0.15 with PID 3160 (D:\demo\demo\target\classes started by 王品傑 in D:\demo\demo)
2025-08-25 21:59:00.747 [restartedMain] INFO  com.example.demo.DemoApplication - No active profile set, falling back to 1 default profile: "default"
2025-08-25 21:59:00.797 [restartedMain] INFO  o.s.b.d.e.DevToolsPropertyDefaultsPostProcessor - Devtools property defaults active! Set 'spring.devtools.add-properties' to 'false' to disable
2025-08-25 21:59:00.797 [restartedMain] INFO  o.s.b.d.e.DevToolsPropertyDefaultsPostProcessor - For additional web related logging consider setting the 'logging.level.web' property to 'DEBUG'
2025-08-25 21:59:01.576 [restartedMain] INFO  o.s.d.r.c.RepositoryConfigurationDelegate - Bootstrapping Spring Data JPA repositories in DEFAULT mode.
2025-08-25 21:59:01.665 [restartedMain] INFO  o.s.d.r.c.RepositoryConfigurationDelegate - Finished Spring Data repository scanning in 76 ms. Found 4 JPA repository interfaces.
2025-08-25 21:59:02.419 [restartedMain] INFO  o.s.b.w.e.tomcat.TomcatWebServer - Tomcat initialized with port 8080 (http)
2025-08-25 21:59:02.438 [restartedMain] INFO  o.a.catalina.core.StandardService - Starting service [Tomcat]
2025-08-25 21:59:02.438 [restartedMain] INFO  o.a.catalina.core.StandardEngine - Starting Servlet engine: [Apache Tomcat/10.1.43]
2025-08-25 21:59:02.499 [restartedMain] INFO  o.a.c.c.C.[Tomcat].[localhost].[/] - Initializing Spring embedded WebApplicationContext
2025-08-25 21:59:02.500 [restartedMain] INFO  o.s.b.w.s.c.ServletWebServerApplicationContext - Root WebApplicationContext: initialization completed in 1702 ms
2025-08-25 21:59:02.686 [restartedMain] INFO  o.h.jpa.internal.util.LogHelper - HHH000204: Processing PersistenceUnitInfo [name: default]
2025-08-25 21:59:02.739 [restartedMain] INFO  org.hibernate.Version - HHH000412: Hibernate ORM core version 6.6.22.Final
2025-08-25 21:59:02.765 [restartedMain] INFO  o.h.c.i.RegionFactoryInitiator - HHH000026: Second-level cache disabled
2025-08-25 21:59:03.031 [restartedMain] INFO  o.s.o.j.p.SpringPersistenceUnitInfo - No LoadTimeWeaver setup: ignoring JPA class transformer
2025-08-25 21:59:03.059 [restartedMain] INFO  com.zaxxer.hikari.HikariDataSource - HikariPool-1 - Starting...
2025-08-25 21:59:03.284 [restartedMain] INFO  com.zaxxer.hikari.pool.HikariPool - HikariPool-1 - Added connection conn0: url=jdbc:h2:file:./data/testdb user=SA
2025-08-25 21:59:03.287 [restartedMain] INFO  com.zaxxer.hikari.HikariDataSource - HikariPool-1 - Start completed.
2025-08-25 21:59:03.312 [restartedMain] WARN  org.hibernate.orm.deprecation - HHH90000025: H2Dialect does not need to be specified explicitly using 'hibernate.dialect' (remove the property setting and it will be selected by default)
2025-08-25 21:59:03.335 [restartedMain] INFO  o.hibernate.orm.connections.pooling - HHH10001005: Database info:
	Database JDBC URL [Connecting through datasource 'HikariDataSource (HikariPool-1)']
	Database driver: undefined/unknown
	Database version: 2.3.232
	Autocommit mode: undefined/unknown
	Isolation level: undefined/unknown
	Minimum pool size: undefined/unknown
	Maximum pool size: undefined/unknown
2025-08-25 21:59:04.185 [restartedMain] INFO  o.h.e.t.j.p.i.JtaPlatformInitiator - HHH000489: No JTA platform available (set 'hibernate.transaction.jta.platform' to enable JTA platform integration)
2025-08-25 21:59:04.246 [restartedMain] INFO  o.s.o.j.LocalContainerEntityManagerFactoryBean - Initialized JPA EntityManagerFactory for persistence unit 'default'
2025-08-25 21:59:04.501 [restartedMain] INFO  o.s.d.j.r.query.QueryEnhancerFactory - Hibernate is in classpath; If applicable, HQL parser will be used.
2025-08-25 21:59:05.189 [restartedMain] WARN  o.s.b.a.o.j.JpaBaseConfiguration$JpaWebConfiguration - spring.jpa.open-in-view is enabled by default. Therefore, database queries may be performed during view rendering. Explicitly configure spring.jpa.open-in-view to disable this warning
2025-08-25 21:59:05.458 [restartedMain] INFO  o.s.b.a.h.H2ConsoleAutoConfiguration - H2 console available at '/h2-console'. Database available at 'jdbc:h2:file:./data/testdb'
2025-08-25 21:59:05.530 [restartedMain] INFO  o.s.b.d.a.OptionalLiveReloadServer - LiveReload server is running on port 35729
2025-08-25 21:59:05.562 [restartedMain] INFO  o.s.b.w.e.tomcat.TomcatWebServer - Tomcat started on port 8080 (http) with context path '/'
2025-08-25 21:59:05.575 [restartedMain] INFO  com.example.demo.DemoApplication - Started DemoApplication in 5.485 seconds (process running for 5.977)
2025-08-25 21:59:09.790 [http-nio-8080-exec-1] INFO  o.a.c.c.C.[Tomcat].[localhost].[/] - Initializing Spring DispatcherServlet 'dispatcherServlet'
2025-08-25 21:59:09.791 [http-nio-8080-exec-1] INFO  o.s.web.servlet.DispatcherServlet - Initializing Servlet 'dispatcherServlet'
2025-08-25 21:59:09.793 [http-nio-8080-exec-1] INFO  o.s.web.servlet.DispatcherServlet - Completed initialization in 2 ms
2025-08-25 21:59:10.185 [http-nio-8080-exec-1] WARN  c.e.demo.service.ScheduleServiceImpl - 新竹->2025-08-01,目前空缺=櫃台0,跟診0,流動1
2025-08-25 21:59:10.239 [http-nio-8080-exec-1] WARN  c.e.demo.service.ScheduleServiceImpl - 新竹->2025-08-02,目前空缺=櫃台0,跟診0,流動0
2025-08-25 21:59:10.276 [http-nio-8080-exec-1] WARN  c.e.demo.service.ScheduleServiceImpl - 新竹->2025-08-02,目前空缺=櫃台0,跟診0,流動0
2025-08-25 21:59:10.310 [http-nio-8080-exec-1] WARN  c.e.demo.service.ScheduleServiceImpl - 新竹->2025-08-04,目前空缺=櫃台0,跟診0,流動0
2025-08-25 21:59:10.361 [http-nio-8080-exec-1] WARN  c.e.demo.service.ScheduleServiceImpl - 新竹->2025-08-05,目前空缺=櫃台0,跟診0,流動0
2025-08-25 21:59:10.404 [http-nio-8080-exec-1] WARN  c.e.demo.service.ScheduleServiceImpl - 新竹->2025-08-06,目前空缺=櫃台0,跟診0,流動0
2025-08-25 21:59:10.440 [http-nio-8080-exec-1] WARN  c.e.demo.service.ScheduleServiceImpl - 新竹->2025-08-07,目前空缺=櫃台0,跟診0,流動0
2025-08-25 21:59:10.471 [http-nio-8080-exec-1] WARN  c.e.demo.service.ScheduleServiceImpl - 新竹->2025-08-08,目前空缺=櫃台0,跟診0,流動1
2025-08-25 21:59:10.496 [http-nio-8080-exec-1] WARN  c.e.demo.service.ScheduleServiceImpl - 新竹->2025-08-09,目前空缺=櫃台0,跟診0,流動0
2025-08-25 21:59:10.523 [http-nio-8080-exec-1] WARN  c.e.demo.service.ScheduleServiceImpl - 新竹->2025-08-09,目前空缺=櫃台0,跟診0,流動0
2025-08-25 21:59:10.559 [http-nio-8080-exec-1] WARN  c.e.demo.service.ScheduleServiceImpl - 新竹->2025-08-11,目前空缺=櫃台0,跟診0,流動0
2025-08-25 21:59:10.599 [http-nio-8080-exec-1] WARN  c.e.demo.service.ScheduleServiceImpl - 新竹->2025-08-12,目前空缺=櫃台0,跟診1,流動0
2025-08-25 21:59:10.635 [http-nio-8080-exec-1] WARN  c.e.demo.service.ScheduleServiceImpl - 新竹->2025-08-13,目前空缺=櫃台0,跟診0,流動0
2025-08-25 21:59:10.661 [http-nio-8080-exec-1] WARN  c.e.demo.service.ScheduleServiceImpl - 新竹->2025-08-14,目前空缺=櫃台0,跟診0,流動0
2025-08-25 21:59:10.689 [http-nio-8080-exec-1] WARN  c.e.demo.service.ScheduleServiceImpl - 新竹->2025-08-15,目前空缺=櫃台0,跟診0,流動1
2025-08-25 21:59:10.711 [http-nio-8080-exec-1] WARN  c.e.demo.service.ScheduleServiceImpl - 新竹->2025-08-16,目前空缺=櫃台0,跟診0,流動0
2025-08-25 21:59:10.735 [http-nio-8080-exec-1] WARN  c.e.demo.service.ScheduleServiceImpl - 新竹->2025-08-16,目前空缺=櫃台0,跟診0,流動0
2025-08-25 21:59:10.759 [http-nio-8080-exec-1] WARN  c.e.demo.service.ScheduleServiceImpl - 新竹->2025-08-18,目前空缺=櫃台0,跟診0,流動0
2025-08-25 21:59:10.790 [http-nio-8080-exec-1] WARN  c.e.demo.service.ScheduleServiceImpl - 新竹->2025-08-19,目前空缺=櫃台0,跟診0,流動0
2025-08-25 21:59:10.820 [http-nio-8080-exec-1] WARN  c.e.demo.service.ScheduleServiceImpl - 新竹->2025-08-20,目前空缺=櫃台0,跟診0,流動0
2025-08-25 21:59:10.845 [http-nio-8080-exec-1] WARN  c.e.demo.service.ScheduleServiceImpl - 新竹->2025-08-21,目前空缺=櫃台0,跟診0,流動0
2025-08-25 21:59:10.872 [http-nio-8080-exec-1] WARN  c.e.demo.service.ScheduleServiceImpl - 新竹->2025-08-22,目前空缺=櫃台0,跟診0,流動1
2025-08-25 21:59:10.885 [http-nio-8080-exec-1] WARN  c.e.demo.service.ScheduleServiceImpl - 新竹->2025-08-23,目前空缺=櫃台0,跟診0,流動0
2025-08-25 21:59:10.906 [http-nio-8080-exec-1] WARN  c.e.demo.service.ScheduleServiceImpl - 新竹->2025-08-23,目前空缺=櫃台0,跟診0,流動0
2025-08-25 21:59:10.925 [http-nio-8080-exec-1] WARN  c.e.demo.service.ScheduleServiceImpl - 新竹->2025-08-25,目前空缺=櫃台0,跟診0,流動2
2025-08-25 21:59:10.946 [http-nio-8080-exec-1] WARN  c.e.demo.service.ScheduleServiceImpl - 新竹->2025-08-26,目前空缺=櫃台0,跟診0,流動2
2025-08-25 21:59:10.966 [http-nio-8080-exec-1] WARN  c.e.demo.service.ScheduleServiceImpl - 新竹->2025-08-27,目前空缺=櫃台0,跟診0,流動2
2025-08-25 21:59:10.991 [http-nio-8080-exec-1] WARN  c.e.demo.service.ScheduleServiceImpl - 新竹->2025-08-28,目前空缺=櫃台0,跟診1,流動0
2025-08-25 21:59:11.015 [http-nio-8080-exec-1] WARN  c.e.demo.service.ScheduleServiceImpl - 新竹->2025-08-29,目前空缺=櫃台0,跟診2,流動3
2025-08-25 21:59:11.032 [http-nio-8080-exec-1] WARN  c.e.demo.service.ScheduleServiceImpl - 新竹->2025-08-30,目前空缺=櫃台0,跟診1,流動0
2025-08-25 21:59:43.157 [http-nio-8080-exec-10] WARN  c.e.demo.service.ScheduleServiceImpl - 竹北->2025-08-01,目前空缺=櫃台0,跟診0,流動0
2025-08-25 21:59:43.193 [http-nio-8080-exec-10] WARN  c.e.demo.service.ScheduleServiceImpl - 竹北->2025-08-02,目前空缺=櫃台0,跟診1,流動1
2025-08-25 21:59:43.219 [http-nio-8080-exec-10] WARN  c.e.demo.service.ScheduleServiceImpl - 竹北->2025-08-02,目前空缺=櫃台0,跟診1,流動1
2025-08-25 21:59:43.246 [http-nio-8080-exec-10] WARN  c.e.demo.service.ScheduleServiceImpl - 竹北->2025-08-04,目前空缺=櫃台0,跟診0,流動0
2025-08-25 21:59:43.296 [http-nio-8080-exec-10] WARN  c.e.demo.service.ScheduleServiceImpl - 竹北->2025-08-05,目前空缺=櫃台0,跟診0,流動0
2025-08-25 21:59:43.340 [http-nio-8080-exec-10] WARN  c.e.demo.service.ScheduleServiceImpl - 竹北->2025-08-06,目前空缺=櫃台0,跟診0,流動0
2025-08-25 21:59:43.394 [http-nio-8080-exec-10] WARN  c.e.demo.service.ScheduleServiceImpl - 竹北->2025-08-07,目前空缺=櫃台0,跟診0,流動0
2025-08-25 21:59:43.435 [http-nio-8080-exec-10] WARN  c.e.demo.service.ScheduleServiceImpl - 竹北->2025-08-08,目前空缺=櫃台0,跟診0,流動0
2025-08-25 21:59:43.459 [http-nio-8080-exec-10] WARN  c.e.demo.service.ScheduleServiceImpl - 竹北->2025-08-09,目前空缺=櫃台0,跟診0,流動0
2025-08-25 21:59:43.487 [http-nio-8080-exec-10] WARN  c.e.demo.service.ScheduleServiceImpl - 竹北->2025-08-09,目前空缺=櫃台0,跟診0,流動0
2025-08-25 21:59:43.506 [http-nio-8080-exec-10] WARN  c.e.demo.service.ScheduleServiceImpl - 竹北->2025-08-11,目前空缺=櫃台0,跟診0,流動0
2025-08-25 21:59:43.658 [http-nio-8080-exec-10] WARN  c.e.demo.service.ScheduleServiceImpl - 竹北->2025-08-12,目前空缺=櫃台0,跟診0,流動0
2025-08-25 21:59:43.701 [http-nio-8080-exec-10] WARN  c.e.demo.service.ScheduleServiceImpl - 竹北->2025-08-13,目前空缺=櫃台0,跟診0,流動0
2025-08-25 21:59:43.743 [http-nio-8080-exec-10] WARN  c.e.demo.service.ScheduleServiceImpl - 竹北->2025-08-14,目前空缺=櫃台0,跟診1,流動0
2025-08-25 21:59:43.808 [http-nio-8080-exec-10] WARN  c.e.demo.service.ScheduleServiceImpl - 竹北->2025-08-15,目前空缺=櫃台0,跟診0,流動0
2025-08-25 21:59:43.831 [http-nio-8080-exec-10] WARN  c.e.demo.service.ScheduleServiceImpl - 竹北->2025-08-16,目前空缺=櫃台0,跟診0,流動0
2025-08-25 21:59:43.859 [http-nio-8080-exec-10] WARN  c.e.demo.service.ScheduleServiceImpl - 竹北->2025-08-16,目前空缺=櫃台0,跟診0,流動0
2025-08-25 21:59:43.880 [http-nio-8080-exec-10] WARN  c.e.demo.service.ScheduleServiceImpl - 竹北->2025-08-18,目前空缺=櫃台0,跟診0,流動0
2025-08-25 21:59:43.918 [http-nio-8080-exec-10] WARN  c.e.demo.service.ScheduleServiceImpl - 竹北->2025-08-19,目前空缺=櫃台0,跟診0,流動0
2025-08-25 21:59:43.947 [http-nio-8080-exec-10] WARN  c.e.demo.service.ScheduleServiceImpl - 竹北->2025-08-20,目前空缺=櫃台0,跟診0,流動0
2025-08-25 21:59:43.987 [http-nio-8080-exec-10] WARN  c.e.demo.service.ScheduleServiceImpl - 竹北->2025-08-21,目前空缺=櫃台0,跟診0,流動1
2025-08-25 21:59:44.025 [http-nio-8080-exec-10] WARN  c.e.demo.service.ScheduleServiceImpl - 竹北->2025-08-22,目前空缺=櫃台0,跟診0,流動1
2025-08-25 21:59:44.048 [http-nio-8080-exec-10] WARN  c.e.demo.service.ScheduleServiceImpl - 竹北->2025-08-23,目前空缺=櫃台0,跟診0,流動0
2025-08-25 21:59:44.071 [http-nio-8080-exec-10] WARN  c.e.demo.service.ScheduleServiceImpl - 竹北->2025-08-23,目前空缺=櫃台0,跟診0,流動0
2025-08-25 21:59:44.091 [http-nio-8080-exec-10] WARN  c.e.demo.service.ScheduleServiceImpl - 竹北->2025-08-25,目前空缺=櫃台1,跟診0,流動0
2025-08-25 21:59:44.122 [http-nio-8080-exec-10] WARN  c.e.demo.service.ScheduleServiceImpl - 竹北->2025-08-26,目前空缺=櫃台0,跟診2,流動1
2025-08-25 21:59:44.156 [http-nio-8080-exec-10] WARN  c.e.demo.service.ScheduleServiceImpl - 竹北->2025-08-27,目前空缺=櫃台0,跟診0,流動1
2025-08-25 21:59:44.181 [http-nio-8080-exec-10] WARN  c.e.demo.service.ScheduleServiceImpl - 竹北->2025-08-28,目前空缺=櫃台0,跟診0,流動1
2025-08-25 21:59:44.206 [http-nio-8080-exec-10] WARN  c.e.demo.service.ScheduleServiceImpl - 竹北->2025-08-29,目前空缺=櫃台0,跟診0,流動4
2025-08-25 21:59:44.233 [http-nio-8080-exec-10] WARN  c.e.demo.service.ScheduleServiceImpl - 竹北->2025-08-30,目前空缺=櫃台0,跟診0,流動0
