2025-08-25 20:19:28.560 [restartedMain] INFO  com.example.demo.DemoApplication - Starting DemoApplication using Java 17.0.15 with PID 18720 (D:\demo\demo\target\classes started by 王品傑 in D:\demo\demo)
2025-08-25 20:19:28.568 [restartedMain] INFO  com.example.demo.DemoApplication - No active profile set, falling back to 1 default profile: "default"
2025-08-25 20:19:28.647 [restartedMain] INFO  o.s.b.d.e.DevToolsPropertyDefaultsPostProcessor - Devtools property defaults active! Set 'spring.devtools.add-properties' to 'false' to disable
2025-08-25 20:19:28.648 [restartedMain] INFO  o.s.b.d.e.DevToolsPropertyDefaultsPostProcessor - For additional web related logging consider setting the 'logging.level.web' property to 'DEBUG'
2025-08-25 20:19:29.345 [restartedMain] INFO  o.s.d.r.c.RepositoryConfigurationDelegate - Bootstrapping Spring Data JPA repositories in DEFAULT mode.
2025-08-25 20:19:29.425 [restartedMain] INFO  o.s.d.r.c.RepositoryConfigurationDelegate - Finished Spring Data repository scanning in 67 ms. Found 4 JPA repository interfaces.
2025-08-25 20:19:30.060 [restartedMain] INFO  o.s.b.w.e.tomcat.TomcatWebServer - Tomcat initialized with port 8080 (http)
2025-08-25 20:19:30.082 [restartedMain] INFO  o.a.catalina.core.StandardService - Starting service [Tomcat]
2025-08-25 20:19:30.082 [restartedMain] INFO  o.a.catalina.core.StandardEngine - Starting Servlet engine: [Apache Tomcat/10.1.43]
2025-08-25 20:19:30.141 [restartedMain] INFO  o.a.c.c.C.[Tomcat].[localhost].[/] - Initializing Spring embedded WebApplicationContext
2025-08-25 20:19:30.141 [restartedMain] INFO  o.s.b.w.s.c.ServletWebServerApplicationContext - Root WebApplicationContext: initialization completed in 1492 ms
2025-08-25 20:19:30.323 [restartedMain] INFO  o.h.jpa.internal.util.LogHelper - HHH000204: Processing PersistenceUnitInfo [name: default]
2025-08-25 20:19:30.374 [restartedMain] INFO  org.hibernate.Version - HHH000412: Hibernate ORM core version 6.6.22.Final
2025-08-25 20:19:30.405 [restartedMain] INFO  o.h.c.i.RegionFactoryInitiator - HHH000026: Second-level cache disabled
2025-08-25 20:19:30.677 [restartedMain] INFO  o.s.o.j.p.SpringPersistenceUnitInfo - No LoadTimeWeaver setup: ignoring JPA class transformer
2025-08-25 20:19:30.707 [restartedMain] INFO  com.zaxxer.hikari.HikariDataSource - HikariPool-1 - Starting...
2025-08-25 20:19:30.949 [restartedMain] INFO  com.zaxxer.hikari.pool.HikariPool - HikariPool-1 - Added connection conn0: url=jdbc:h2:file:./data/testdb user=SA
2025-08-25 20:19:30.951 [restartedMain] INFO  com.zaxxer.hikari.HikariDataSource - HikariPool-1 - Start completed.
2025-08-25 20:19:30.972 [restartedMain] WARN  org.hibernate.orm.deprecation - HHH90000025: H2Dialect does not need to be specified explicitly using 'hibernate.dialect' (remove the property setting and it will be selected by default)
2025-08-25 20:19:30.992 [restartedMain] INFO  o.hibernate.orm.connections.pooling - HHH10001005: Database info:
	Database JDBC URL [Connecting through datasource 'HikariDataSource (HikariPool-1)']
	Database driver: undefined/unknown
	Database version: 2.3.232
	Autocommit mode: undefined/unknown
	Isolation level: undefined/unknown
	Minimum pool size: undefined/unknown
	Maximum pool size: undefined/unknown
2025-08-25 20:19:31.786 [restartedMain] INFO  o.h.e.t.j.p.i.JtaPlatformInitiator - HHH000489: No JTA platform available (set 'hibernate.transaction.jta.platform' to enable JTA platform integration)
2025-08-25 20:19:31.857 [restartedMain] INFO  o.s.o.j.LocalContainerEntityManagerFactoryBean - Initialized JPA EntityManagerFactory for persistence unit 'default'
2025-08-25 20:19:32.116 [restartedMain] INFO  o.s.d.j.r.query.QueryEnhancerFactory - Hibernate is in classpath; If applicable, HQL parser will be used.
2025-08-25 20:19:32.730 [restartedMain] WARN  o.s.b.a.o.j.JpaBaseConfiguration$JpaWebConfiguration - spring.jpa.open-in-view is enabled by default. Therefore, database queries may be performed during view rendering. Explicitly configure spring.jpa.open-in-view to disable this warning
2025-08-25 20:19:33.001 [restartedMain] INFO  o.s.b.a.h.H2ConsoleAutoConfiguration - H2 console available at '/h2-console'. Database available at 'jdbc:h2:file:./data/testdb'
2025-08-25 20:19:33.081 [restartedMain] INFO  o.s.b.d.a.OptionalLiveReloadServer - LiveReload server is running on port 35729
2025-08-25 20:19:33.120 [restartedMain] INFO  o.s.b.w.e.tomcat.TomcatWebServer - Tomcat started on port 8080 (http) with context path '/'
2025-08-25 20:19:33.131 [restartedMain] INFO  com.example.demo.DemoApplication - Started DemoApplication in 5.134 seconds (process running for 5.552)
2025-08-25 20:19:45.187 [http-nio-8080-exec-1] INFO  o.a.c.c.C.[Tomcat].[localhost].[/] - Initializing Spring DispatcherServlet 'dispatcherServlet'
2025-08-25 20:19:45.188 [http-nio-8080-exec-1] INFO  o.s.web.servlet.DispatcherServlet - Initializing Servlet 'dispatcherServlet'
2025-08-25 20:19:45.189 [http-nio-8080-exec-1] INFO  o.s.web.servlet.DispatcherServlet - Completed initialization in 1 ms
2025-08-25 20:19:45.729 [http-nio-8080-exec-1] WARN  c.e.demo.service.ScheduleServiceImpl - 新竹->2025-08-01,目前空缺=櫃台0,跟診0,流動1
2025-08-25 20:19:45.812 [http-nio-8080-exec-1] WARN  c.e.demo.service.ScheduleServiceImpl - 新竹->2025-08-02,目前空缺=櫃台0,跟診0,流動0
2025-08-25 20:19:45.827 [http-nio-8080-exec-2] WARN  c.e.demo.service.ScheduleServiceImpl - 新竹->2025-08-01,目前空缺=櫃台0,跟診0,流動1
2025-08-25 20:19:45.855 [http-nio-8080-exec-1] WARN  c.e.demo.service.ScheduleServiceImpl - 新竹->2025-08-02,目前空缺=櫃台0,跟診0,流動0
2025-08-25 20:19:45.871 [http-nio-8080-exec-2] WARN  c.e.demo.service.ScheduleServiceImpl - 新竹->2025-08-02,目前空缺=櫃台0,跟診0,流動0
2025-08-25 20:19:45.895 [http-nio-8080-exec-1] WARN  c.e.demo.service.ScheduleServiceImpl - 新竹->2025-08-04,目前空缺=櫃台0,跟診0,流動0
2025-08-25 20:19:45.904 [http-nio-8080-exec-2] WARN  c.e.demo.service.ScheduleServiceImpl - 新竹->2025-08-02,目前空缺=櫃台0,跟診0,流動0
2025-08-25 20:19:45.932 [http-nio-8080-exec-2] WARN  c.e.demo.service.ScheduleServiceImpl - 新竹->2025-08-04,目前空缺=櫃台0,跟診0,流動0
2025-08-25 20:19:45.939 [http-nio-8080-exec-1] WARN  c.e.demo.service.ScheduleServiceImpl - 新竹->2025-08-05,目前空缺=櫃台0,跟診0,流動0
2025-08-25 20:19:45.983 [http-nio-8080-exec-2] WARN  c.e.demo.service.ScheduleServiceImpl - 新竹->2025-08-05,目前空缺=櫃台0,跟診0,流動0
2025-08-25 20:19:45.993 [http-nio-8080-exec-1] WARN  c.e.demo.service.ScheduleServiceImpl - 新竹->2025-08-06,目前空缺=櫃台0,跟診0,流動0
2025-08-25 20:19:46.037 [http-nio-8080-exec-2] WARN  c.e.demo.service.ScheduleServiceImpl - 新竹->2025-08-06,目前空缺=櫃台0,跟診0,流動0
2025-08-25 20:19:46.039 [http-nio-8080-exec-1] WARN  c.e.demo.service.ScheduleServiceImpl - 新竹->2025-08-07,目前空缺=櫃台0,跟診0,流動0
2025-08-25 20:19:46.078 [http-nio-8080-exec-1] WARN  c.e.demo.service.ScheduleServiceImpl - 新竹->2025-08-08,目前空缺=櫃台0,跟診0,流動1
2025-08-25 20:19:46.078 [http-nio-8080-exec-2] WARN  c.e.demo.service.ScheduleServiceImpl - 新竹->2025-08-07,目前空缺=櫃台0,跟診0,流動0
2025-08-25 20:19:46.105 [http-nio-8080-exec-1] WARN  c.e.demo.service.ScheduleServiceImpl - 新竹->2025-08-09,目前空缺=櫃台0,跟診0,流動0
2025-08-25 20:19:46.110 [http-nio-8080-exec-2] WARN  c.e.demo.service.ScheduleServiceImpl - 新竹->2025-08-08,目前空缺=櫃台0,跟診0,流動1
2025-08-25 20:19:46.129 [http-nio-8080-exec-2] WARN  c.e.demo.service.ScheduleServiceImpl - 新竹->2025-08-09,目前空缺=櫃台0,跟診0,流動0
2025-08-25 20:19:46.129 [http-nio-8080-exec-1] WARN  c.e.demo.service.ScheduleServiceImpl - 新竹->2025-08-09,目前空缺=櫃台0,跟診0,流動0
2025-08-25 20:19:46.149 [http-nio-8080-exec-2] WARN  c.e.demo.service.ScheduleServiceImpl - 新竹->2025-08-09,目前空缺=櫃台0,跟診0,流動0
2025-08-25 20:19:46.157 [http-nio-8080-exec-1] WARN  c.e.demo.service.ScheduleServiceImpl - 新竹->2025-08-11,目前空缺=櫃台0,跟診0,流動0
2025-08-25 20:19:46.180 [http-nio-8080-exec-2] WARN  c.e.demo.service.ScheduleServiceImpl - 新竹->2025-08-11,目前空缺=櫃台0,跟診0,流動0
2025-08-25 20:19:46.196 [http-nio-8080-exec-1] WARN  c.e.demo.service.ScheduleServiceImpl - 新竹->2025-08-12,目前空缺=櫃台0,跟診0,流動0
2025-08-25 20:19:46.222 [http-nio-8080-exec-2] WARN  c.e.demo.service.ScheduleServiceImpl - 新竹->2025-08-12,目前空缺=櫃台0,跟診0,流動0
2025-08-25 20:19:46.284 [http-nio-8080-exec-1] WARN  c.e.demo.service.ScheduleServiceImpl - 新竹->2025-08-13,目前空缺=櫃台0,跟診0,流動0
2025-08-25 20:19:46.310 [http-nio-8080-exec-2] WARN  c.e.demo.service.ScheduleServiceImpl - 新竹->2025-08-13,目前空缺=櫃台0,跟診0,流動0
2025-08-25 20:19:46.315 [http-nio-8080-exec-1] WARN  c.e.demo.service.ScheduleServiceImpl - 新竹->2025-08-14,目前空缺=櫃台0,跟診0,流動0
2025-08-25 20:19:46.333 [http-nio-8080-exec-2] WARN  c.e.demo.service.ScheduleServiceImpl - 新竹->2025-08-14,目前空缺=櫃台0,跟診0,流動0
2025-08-25 20:19:46.341 [http-nio-8080-exec-1] WARN  c.e.demo.service.ScheduleServiceImpl - 新竹->2025-08-15,目前空缺=櫃台0,跟診0,流動1
2025-08-25 20:19:46.355 [http-nio-8080-exec-2] WARN  c.e.demo.service.ScheduleServiceImpl - 新竹->2025-08-15,目前空缺=櫃台0,跟診0,流動1
2025-08-25 20:19:46.361 [http-nio-8080-exec-1] WARN  c.e.demo.service.ScheduleServiceImpl - 新竹->2025-08-16,目前空缺=櫃台0,跟診0,流動0
2025-08-25 20:19:46.379 [http-nio-8080-exec-2] WARN  c.e.demo.service.ScheduleServiceImpl - 新竹->2025-08-16,目前空缺=櫃台0,跟診0,流動0
2025-08-25 20:19:46.382 [http-nio-8080-exec-1] WARN  c.e.demo.service.ScheduleServiceImpl - 新竹->2025-08-16,目前空缺=櫃台0,跟診0,流動0
2025-08-25 20:19:46.405 [http-nio-8080-exec-2] WARN  c.e.demo.service.ScheduleServiceImpl - 新竹->2025-08-16,目前空缺=櫃台0,跟診0,流動0
2025-08-25 20:19:46.413 [http-nio-8080-exec-1] WARN  c.e.demo.service.ScheduleServiceImpl - 新竹->2025-08-18,目前空缺=櫃台0,跟診0,流動0
2025-08-25 20:19:46.431 [http-nio-8080-exec-2] WARN  c.e.demo.service.ScheduleServiceImpl - 新竹->2025-08-18,目前空缺=櫃台0,跟診0,流動0
2025-08-25 20:19:46.443 [http-nio-8080-exec-1] WARN  c.e.demo.service.ScheduleServiceImpl - 新竹->2025-08-19,目前空缺=櫃台0,跟診1,流動0
2025-08-25 20:19:46.461 [http-nio-8080-exec-2] WARN  c.e.demo.service.ScheduleServiceImpl - 新竹->2025-08-19,目前空缺=櫃台0,跟診1,流動0
2025-08-25 20:19:46.474 [http-nio-8080-exec-1] WARN  c.e.demo.service.ScheduleServiceImpl - 新竹->2025-08-20,目前空缺=櫃台0,跟診0,流動0
2025-08-25 20:19:46.485 [http-nio-8080-exec-2] WARN  c.e.demo.service.ScheduleServiceImpl - 新竹->2025-08-20,目前空缺=櫃台0,跟診0,流動0
2025-08-25 20:19:46.497 [http-nio-8080-exec-1] WARN  c.e.demo.service.ScheduleServiceImpl - 新竹->2025-08-21,目前空缺=櫃台0,跟診0,流動0
2025-08-25 20:19:46.509 [http-nio-8080-exec-2] WARN  c.e.demo.service.ScheduleServiceImpl - 新竹->2025-08-21,目前空缺=櫃台0,跟診0,流動0
2025-08-25 20:19:46.523 [http-nio-8080-exec-1] WARN  c.e.demo.service.ScheduleServiceImpl - 新竹->2025-08-22,目前空缺=櫃台0,跟診1,流動1
2025-08-25 20:19:46.540 [http-nio-8080-exec-2] WARN  c.e.demo.service.ScheduleServiceImpl - 新竹->2025-08-22,目前空缺=櫃台0,跟診1,流動1
2025-08-25 20:19:46.549 [http-nio-8080-exec-1] WARN  c.e.demo.service.ScheduleServiceImpl - 新竹->2025-08-23,目前空缺=櫃台0,跟診0,流動0
2025-08-25 20:19:46.561 [http-nio-8080-exec-2] WARN  c.e.demo.service.ScheduleServiceImpl - 新竹->2025-08-23,目前空缺=櫃台0,跟診0,流動0
2025-08-25 20:19:46.572 [http-nio-8080-exec-1] WARN  c.e.demo.service.ScheduleServiceImpl - 新竹->2025-08-23,目前空缺=櫃台0,跟診0,流動0
2025-08-25 20:19:46.583 [http-nio-8080-exec-2] WARN  c.e.demo.service.ScheduleServiceImpl - 新竹->2025-08-23,目前空缺=櫃台0,跟診0,流動0
2025-08-25 20:19:46.600 [http-nio-8080-exec-1] WARN  c.e.demo.service.ScheduleServiceImpl - 新竹->2025-08-25,目前空缺=櫃台0,跟診0,流動2
2025-08-25 20:19:46.609 [http-nio-8080-exec-2] WARN  c.e.demo.service.ScheduleServiceImpl - 新竹->2025-08-25,目前空缺=櫃台0,跟診0,流動2
2025-08-25 20:19:46.633 [http-nio-8080-exec-1] WARN  c.e.demo.service.ScheduleServiceImpl - 新竹->2025-08-26,目前空缺=櫃台0,跟診0,流動2
2025-08-25 20:19:46.641 [http-nio-8080-exec-2] WARN  c.e.demo.service.ScheduleServiceImpl - 新竹->2025-08-26,目前空缺=櫃台0,跟診0,流動2
2025-08-25 20:19:46.661 [http-nio-8080-exec-1] WARN  c.e.demo.service.ScheduleServiceImpl - 新竹->2025-08-27,目前空缺=櫃台0,跟診0,流動2
2025-08-25 20:19:46.666 [http-nio-8080-exec-2] WARN  c.e.demo.service.ScheduleServiceImpl - 新竹->2025-08-27,目前空缺=櫃台0,跟診0,流動2
2025-08-25 20:19:46.686 [http-nio-8080-exec-1] WARN  c.e.demo.service.ScheduleServiceImpl - 新竹->2025-08-28,目前空缺=櫃台0,跟診1,流動0
2025-08-25 20:19:46.689 [http-nio-8080-exec-2] WARN  c.e.demo.service.ScheduleServiceImpl - 新竹->2025-08-28,目前空缺=櫃台0,跟診1,流動0
2025-08-25 20:19:46.712 [http-nio-8080-exec-1] WARN  c.e.demo.service.ScheduleServiceImpl - 新竹->2025-08-29,目前空缺=櫃台0,跟診2,流動3
2025-08-25 20:19:46.714 [http-nio-8080-exec-2] WARN  c.e.demo.service.ScheduleServiceImpl - 新竹->2025-08-29,目前空缺=櫃台0,跟診2,流動3
2025-08-25 20:19:46.720 [http-nio-8080-exec-2] WARN  o.h.e.jdbc.spi.SqlExceptionHelper - SQL Error: 23505, SQLState: 23505
2025-08-25 20:19:46.720 [http-nio-8080-exec-2] ERROR o.h.e.jdbc.spi.SqlExceptionHelper - Unique index or primary key violation: "PUBLIC.PRIMARY_KEY_F ON PUBLIC.RESULT_SCHEDULE(DATE, REGION, SHIFT_TYPE) VALUES ( /* key:14432 */ DATE '2025-08-29', U&'\\65b0\\7af9', U&'\\65e9')"; SQL statement:
insert into result_schedule (chairside_name1,chairside_name2,chairside_name3,doctor_name1,doctor_name2,doctor_name3,floater_name1,floater_name2,floater_name3,front_desk1,front_desk2,front_desk3,date,region,shift_type) values (?,?,?,?,?,?,?,?,?,?,?,?,?,?,?) [23505-232]
2025-08-25 20:19:46.730 [http-nio-8080-exec-1] WARN  c.e.demo.service.ScheduleServiceImpl - 新竹->2025-08-30,目前空缺=櫃台0,跟診1,流動0
2025-08-25 20:19:46.738 [http-nio-8080-exec-2] ERROR o.a.c.c.C.[.[.[.[dispatcherServlet] - Servlet.service() for servlet [dispatcherServlet] in context with path [] threw exception [Request processing failed: org.springframework.dao.DataIntegrityViolationException: could not execute statement [Unique index or primary key violation: "PUBLIC.PRIMARY_KEY_F ON PUBLIC.RESULT_SCHEDULE(DATE, REGION, SHIFT_TYPE) VALUES ( /* key:14432 */ DATE '2025-08-29', U&'\\65b0\\7af9', U&'\\65e9')"; SQL statement:
insert into result_schedule (chairside_name1,chairside_name2,chairside_name3,doctor_name1,doctor_name2,doctor_name3,floater_name1,floater_name2,floater_name3,front_desk1,front_desk2,front_desk3,date,region,shift_type) values (?,?,?,?,?,?,?,?,?,?,?,?,?,?,?) [23505-232]] [insert into result_schedule (chairside_name1,chairside_name2,chairside_name3,doctor_name1,doctor_name2,doctor_name3,floater_name1,floater_name2,floater_name3,front_desk1,front_desk2,front_desk3,date,region,shift_type) values (?,?,?,?,?,?,?,?,?,?,?,?,?,?,?)]; SQL [insert into result_schedule (chairside_name1,chairside_name2,chairside_name3,doctor_name1,doctor_name2,doctor_name3,floater_name1,floater_name2,floater_name3,front_desk1,front_desk2,front_desk3,date,region,shift_type) values (?,?,?,?,?,?,?,?,?,?,?,?,?,?,?)]; constraint [PUBLIC.PRIMARY_KEY_F]] with root cause
org.h2.jdbc.JdbcSQLIntegrityConstraintViolationException: Unique index or primary key violation: "PUBLIC.PRIMARY_KEY_F ON PUBLIC.RESULT_SCHEDULE(DATE, REGION, SHIFT_TYPE) VALUES ( /* key:14432 */ DATE '2025-08-29', U&'\\65b0\\7af9', U&'\\65e9')"; SQL statement:
insert into result_schedule (chairside_name1,chairside_name2,chairside_name3,doctor_name1,doctor_name2,doctor_name3,floater_name1,floater_name2,floater_name3,front_desk1,front_desk2,front_desk3,date,region,shift_type) values (?,?,?,?,?,?,?,?,?,?,?,?,?,?,?) [23505-232]
	at org.h2.message.DbException.getJdbcSQLException(DbException.java:520)
	at org.h2.message.DbException.getJdbcSQLException(DbException.java:489)
	at org.h2.message.DbException.get(DbException.java:223)
	at org.h2.message.DbException.get(DbException.java:199)
	at org.h2.index.Index.getDuplicateKeyException(Index.java:523)
	at org.h2.mvstore.db.MVSecondaryIndex.checkUnique(MVSecondaryIndex.java:223)
	at org.h2.mvstore.db.MVSecondaryIndex.add(MVSecondaryIndex.java:184)
	at org.h2.mvstore.db.MVTable.addRow(MVTable.java:517)
	at org.h2.command.dml.Insert.insertRows(Insert.java:174)
	at org.h2.command.dml.Insert.update(Insert.java:135)
	at org.h2.command.dml.DataChangeStatement.update(DataChangeStatement.java:74)
	at org.h2.command.CommandContainer.update(CommandContainer.java:139)
	at org.h2.command.Command.executeUpdate(Command.java:304)
	at org.h2.command.Command.executeUpdate(Command.java:248)
	at org.h2.jdbc.JdbcPreparedStatement.executeUpdateInternal(JdbcPreparedStatement.java:213)
	at org.h2.jdbc.JdbcPreparedStatement.executeUpdate(JdbcPreparedStatement.java:172)
	at com.zaxxer.hikari.pool.ProxyPreparedStatement.executeUpdate(ProxyPreparedStatement.java:61)
	at com.zaxxer.hikari.pool.HikariProxyPreparedStatement.executeUpdate(HikariProxyPreparedStatement.java)
	at org.hibernate.engine.jdbc.internal.ResultSetReturnImpl.executeUpdate(ResultSetReturnImpl.java:194)
	at org.hibernate.engine.jdbc.mutation.internal.AbstractMutationExecutor.performNonBatchedMutation(AbstractMutationExecutor.java:134)
	at org.hibernate.engine.jdbc.mutation.internal.MutationExecutorSingleNonBatched.performNonBatchedOperations(MutationExecutorSingleNonBatched.java:55)
	at org.hibernate.engine.jdbc.mutation.internal.AbstractMutationExecutor.execute(AbstractMutationExecutor.java:55)
	at org.hibernate.persister.entity.mutation.InsertCoordinatorStandard.doStaticInserts(InsertCoordinatorStandard.java:194)
	at org.hibernate.persister.entity.mutation.InsertCoordinatorStandard.coordinateInsert(InsertCoordinatorStandard.java:132)
	at org.hibernate.persister.entity.mutation.InsertCoordinatorStandard.insert(InsertCoordinatorStandard.java:104)
	at org.hibernate.action.internal.EntityInsertAction.execute(EntityInsertAction.java:110)
	at org.hibernate.engine.spi.ActionQueue.executeActions(ActionQueue.java:644)
	at org.hibernate.engine.spi.ActionQueue.executeActions(ActionQueue.java:511)
	at org.hibernate.event.internal.AbstractFlushingEventListener.performExecutions(AbstractFlushingEventListener.java:414)
	at org.hibernate.event.internal.DefaultFlushEventListener.onFlush(DefaultFlushEventListener.java:41)
	at org.hibernate.event.service.internal.EventListenerGroupImpl.fireEventOnEachListener(EventListenerGroupImpl.java:127)
	at org.hibernate.internal.SessionImpl.doFlush(SessionImpl.java:1429)
	at org.hibernate.internal.SessionImpl.flush(SessionImpl.java:1415)
	at jdk.internal.reflect.GeneratedMethodAccessor31.invoke(Unknown Source)
	at java.base/jdk.internal.reflect.DelegatingMethodAccessorImpl.invoke(DelegatingMethodAccessorImpl.java:43)
	at java.base/java.lang.reflect.Method.invoke(Method.java:569)
	at org.springframework.orm.jpa.ExtendedEntityManagerCreator$ExtendedEntityManagerInvocationHandler.invoke(ExtendedEntityManagerCreator.java:364)
	at jdk.proxy4/jdk.proxy4.$Proxy121.flush(Unknown Source)
	at jdk.internal.reflect.GeneratedMethodAccessor31.invoke(Unknown Source)
	at java.base/jdk.internal.reflect.DelegatingMethodAccessorImpl.invoke(DelegatingMethodAccessorImpl.java:43)
	at java.base/java.lang.reflect.Method.invoke(Method.java:569)
	at org.springframework.orm.jpa.SharedEntityManagerCreator$SharedEntityManagerInvocationHandler.invoke(SharedEntityManagerCreator.java:320)
	at jdk.proxy4/jdk.proxy4.$Proxy121.flush(Unknown Source)
	at org.springframework.data.jpa.repository.support.SimpleJpaRepository.flush(SimpleJpaRepository.java:699)
	at org.springframework.data.jpa.repository.support.SimpleJpaRepository.saveAndFlush(SimpleJpaRepository.java:666)
	at jdk.internal.reflect.GeneratedMethodAccessor32.invoke(Unknown Source)
	at java.base/jdk.internal.reflect.DelegatingMethodAccessorImpl.invoke(DelegatingMethodAccessorImpl.java:43)
	at java.base/java.lang.reflect.Method.invoke(Method.java:569)
	at org.springframework.aop.support.AopUtils.invokeJoinpointUsingReflection(AopUtils.java:360)
	at org.springframework.data.repository.core.support.RepositoryMethodInvoker$RepositoryFragmentMethodInvoker.lambda$new$0(RepositoryMethodInvoker.java:277)
	at org.springframework.data.repository.core.support.RepositoryMethodInvoker.doInvoke(RepositoryMethodInvoker.java:170)
	at org.springframework.data.repository.core.support.RepositoryMethodInvoker.invoke(RepositoryMethodInvoker.java:158)
	at org.springframework.data.repository.core.support.RepositoryComposition$RepositoryFragments.invoke(RepositoryComposition.java:515)
	at org.springframework.data.repository.core.support.RepositoryComposition.invoke(RepositoryComposition.java:284)
	at org.springframework.data.repository.core.support.RepositoryFactorySupport$ImplementationMethodExecutionInterceptor.invoke(RepositoryFactorySupport.java:734)
	at org.springframework.aop.framework.ReflectiveMethodInvocation.proceed(ReflectiveMethodInvocation.java:184)
	at org.springframework.data.repository.core.support.QueryExecutorMethodInterceptor.doInvoke(QueryExecutorMethodInterceptor.java:174)
	at org.springframework.data.repository.core.support.QueryExecutorMethodInterceptor.invoke(QueryExecutorMethodInterceptor.java:149)
	at org.springframework.aop.framework.ReflectiveMethodInvocation.proceed(ReflectiveMethodInvocation.java:184)
	at org.springframework.data.projection.DefaultMethodInvokingMethodInterceptor.invoke(DefaultMethodInvokingMethodInterceptor.java:69)
	at org.springframework.aop.framework.ReflectiveMethodInvocation.proceed(ReflectiveMethodInvocation.java:184)
	at org.springframework.transaction.interceptor.TransactionAspectSupport.invokeWithinTransaction(TransactionAspectSupport.java:380)
	at org.springframework.transaction.interceptor.TransactionInterceptor.invoke(TransactionInterceptor.java:119)
	at org.springframework.aop.framework.ReflectiveMethodInvocation.proceed(ReflectiveMethodInvocation.java:184)
	at org.springframework.dao.support.PersistenceExceptionTranslationInterceptor.invoke(PersistenceExceptionTranslationInterceptor.java:138)
	at org.springframework.aop.framework.ReflectiveMethodInvocation.proceed(ReflectiveMethodInvocation.java:184)
	at org.springframework.data.jpa.repository.support.CrudMethodMetadataPostProcessor$CrudMethodMetadataPopulatingMethodInterceptor.invoke(CrudMethodMetadataPostProcessor.java:165)
	at org.springframework.aop.framework.ReflectiveMethodInvocation.proceed(ReflectiveMethodInvocation.java:184)
	at org.springframework.aop.framework.JdkDynamicAopProxy.invoke(JdkDynamicAopProxy.java:223)
	at jdk.proxy4/jdk.proxy4.$Proxy128.saveAndFlush(Unknown Source)
	at com.example.demo.service.ScheduleServiceImpl.insertResultData(ScheduleServiceImpl.java:545)
	at com.example.demo.service.ScheduleServiceImpl.processAndSaveDailySchedule(ScheduleServiceImpl.java:378)
	at com.example.demo.service.ScheduleServiceImpl.doWork(ScheduleServiceImpl.java:157)
	at com.example.demo.controller.ScheduleController.getEvents(ScheduleController.java:36)
	at java.base/jdk.internal.reflect.NativeMethodAccessorImpl.invoke0(Native Method)
	at java.base/jdk.internal.reflect.NativeMethodAccessorImpl.invoke(NativeMethodAccessorImpl.java:77)
	at java.base/jdk.internal.reflect.DelegatingMethodAccessorImpl.invoke(DelegatingMethodAccessorImpl.java:43)
	at java.base/java.lang.reflect.Method.invoke(Method.java:569)
	at org.springframework.web.method.support.InvocableHandlerMethod.doInvoke(InvocableHandlerMethod.java:258)
	at org.springframework.web.method.support.InvocableHandlerMethod.invokeForRequest(InvocableHandlerMethod.java:191)
	at org.springframework.web.servlet.mvc.method.annotation.ServletInvocableHandlerMethod.invokeAndHandle(ServletInvocableHandlerMethod.java:118)
	at org.springframework.web.servlet.mvc.method.annotation.RequestMappingHandlerAdapter.invokeHandlerMethod(RequestMappingHandlerAdapter.java:991)
	at org.springframework.web.servlet.mvc.method.annotation.RequestMappingHandlerAdapter.handleInternal(RequestMappingHandlerAdapter.java:896)
	at org.springframework.web.servlet.mvc.method.AbstractHandlerMethodAdapter.handle(AbstractHandlerMethodAdapter.java:87)
	at org.springframework.web.servlet.DispatcherServlet.doDispatch(DispatcherServlet.java:1089)
	at org.springframework.web.servlet.DispatcherServlet.doService(DispatcherServlet.java:979)
	at org.springframework.web.servlet.FrameworkServlet.processRequest(FrameworkServlet.java:1014)
	at org.springframework.web.servlet.FrameworkServlet.doGet(FrameworkServlet.java:903)
	at jakarta.servlet.http.HttpServlet.service(HttpServlet.java:564)
	at org.springframework.web.servlet.FrameworkServlet.service(FrameworkServlet.java:885)
	at jakarta.servlet.http.HttpServlet.service(HttpServlet.java:658)
	at org.apache.catalina.core.ApplicationFilterChain.internalDoFilter(ApplicationFilterChain.java:195)
	at org.apache.catalina.core.ApplicationFilterChain.doFilter(ApplicationFilterChain.java:140)
	at org.apache.tomcat.websocket.server.WsFilter.doFilter(WsFilter.java:51)
	at org.apache.catalina.core.ApplicationFilterChain.internalDoFilter(ApplicationFilterChain.java:164)
	at org.apache.catalina.core.ApplicationFilterChain.doFilter(ApplicationFilterChain.java:140)
	at org.springframework.web.filter.RequestContextFilter.doFilterInternal(RequestContextFilter.java:100)
	at org.springframework.web.filter.OncePerRequestFilter.doFilter(OncePerRequestFilter.java:116)
	at org.apache.catalina.core.ApplicationFilterChain.internalDoFilter(ApplicationFilterChain.java:164)
	at org.apache.catalina.core.ApplicationFilterChain.doFilter(ApplicationFilterChain.java:140)
	at org.springframework.web.filter.FormContentFilter.doFilterInternal(FormContentFilter.java:93)
	at org.springframework.web.filter.OncePerRequestFilter.doFilter(OncePerRequestFilter.java:116)
	at org.apache.catalina.core.ApplicationFilterChain.internalDoFilter(ApplicationFilterChain.java:164)
	at org.apache.catalina.core.ApplicationFilterChain.doFilter(ApplicationFilterChain.java:140)
	at org.springframework.web.filter.CharacterEncodingFilter.doFilterInternal(CharacterEncodingFilter.java:201)
	at org.springframework.web.filter.OncePerRequestFilter.doFilter(OncePerRequestFilter.java:116)
	at org.apache.catalina.core.ApplicationFilterChain.internalDoFilter(ApplicationFilterChain.java:164)
	at org.apache.catalina.core.ApplicationFilterChain.doFilter(ApplicationFilterChain.java:140)
	at org.apache.catalina.core.StandardWrapperValve.invoke(StandardWrapperValve.java:167)
	at org.apache.catalina.core.StandardContextValve.invoke(StandardContextValve.java:90)
	at org.apache.catalina.authenticator.AuthenticatorBase.invoke(AuthenticatorBase.java:483)
	at org.apache.catalina.core.StandardHostValve.invoke(StandardHostValve.java:116)
	at org.apache.catalina.valves.ErrorReportValve.invoke(ErrorReportValve.java:93)
	at org.apache.catalina.core.StandardEngineValve.invoke(StandardEngineValve.java:74)
	at org.apache.catalina.connector.CoyoteAdapter.service(CoyoteAdapter.java:344)
	at org.apache.coyote.http11.Http11Processor.service(Http11Processor.java:398)
	at org.apache.coyote.AbstractProcessorLight.process(AbstractProcessorLight.java:63)
	at org.apache.coyote.AbstractProtocol$ConnectionHandler.process(AbstractProtocol.java:903)
	at org.apache.tomcat.util.net.NioEndpoint$SocketProcessor.doRun(NioEndpoint.java:1769)
	at org.apache.tomcat.util.net.SocketProcessorBase.run(SocketProcessorBase.java:52)
	at org.apache.tomcat.util.threads.ThreadPoolExecutor.runWorker(ThreadPoolExecutor.java:1189)
	at org.apache.tomcat.util.threads.ThreadPoolExecutor$Worker.run(ThreadPoolExecutor.java:658)
	at org.apache.tomcat.util.threads.TaskThread$WrappingRunnable.run(TaskThread.java:63)
	at java.base/java.lang.Thread.run(Thread.java:840)
2025-08-25 20:19:50.148 [http-nio-8080-exec-3] WARN  c.e.demo.service.ScheduleServiceImpl - 新竹->2025-08-01,目前空缺=櫃台0,跟診0,流動1
2025-08-25 20:19:50.167 [http-nio-8080-exec-3] WARN  c.e.demo.service.ScheduleServiceImpl - 新竹->2025-08-02,目前空缺=櫃台0,跟診0,流動0
2025-08-25 20:19:50.184 [http-nio-8080-exec-3] WARN  c.e.demo.service.ScheduleServiceImpl - 新竹->2025-08-02,目前空缺=櫃台0,跟診0,流動0
2025-08-25 20:19:50.197 [http-nio-8080-exec-3] WARN  c.e.demo.service.ScheduleServiceImpl - 新竹->2025-08-04,目前空缺=櫃台0,跟診0,流動0
2025-08-25 20:19:50.227 [http-nio-8080-exec-3] WARN  c.e.demo.service.ScheduleServiceImpl - 新竹->2025-08-05,目前空缺=櫃台0,跟診0,流動0
2025-08-25 20:19:50.249 [http-nio-8080-exec-3] WARN  c.e.demo.service.ScheduleServiceImpl - 新竹->2025-08-06,目前空缺=櫃台0,跟診0,流動0
2025-08-25 20:19:50.268 [http-nio-8080-exec-3] WARN  c.e.demo.service.ScheduleServiceImpl - 新竹->2025-08-07,目前空缺=櫃台0,跟診0,流動0
2025-08-25 20:19:50.288 [http-nio-8080-exec-3] WARN  c.e.demo.service.ScheduleServiceImpl - 新竹->2025-08-08,目前空缺=櫃台0,跟診0,流動1
2025-08-25 20:19:50.300 [http-nio-8080-exec-3] WARN  c.e.demo.service.ScheduleServiceImpl - 新竹->2025-08-09,目前空缺=櫃台0,跟診0,流動0
2025-08-25 20:19:50.317 [http-nio-8080-exec-3] WARN  c.e.demo.service.ScheduleServiceImpl - 新竹->2025-08-09,目前空缺=櫃台0,跟診0,流動0
2025-08-25 20:19:50.338 [http-nio-8080-exec-3] WARN  c.e.demo.service.ScheduleServiceImpl - 新竹->2025-08-11,目前空缺=櫃台0,跟診0,流動0
2025-08-25 20:19:50.361 [http-nio-8080-exec-3] WARN  c.e.demo.service.ScheduleServiceImpl - 新竹->2025-08-12,目前空缺=櫃台0,跟診0,流動0
2025-08-25 20:19:50.389 [http-nio-8080-exec-3] WARN  c.e.demo.service.ScheduleServiceImpl - 新竹->2025-08-13,目前空缺=櫃台0,跟診0,流動0
2025-08-25 20:19:50.403 [http-nio-8080-exec-3] WARN  c.e.demo.service.ScheduleServiceImpl - 新竹->2025-08-14,目前空缺=櫃台0,跟診0,流動0
2025-08-25 20:19:50.423 [http-nio-8080-exec-3] WARN  c.e.demo.service.ScheduleServiceImpl - 新竹->2025-08-15,目前空缺=櫃台0,跟診0,流動1
2025-08-25 20:19:50.439 [http-nio-8080-exec-3] WARN  c.e.demo.service.ScheduleServiceImpl - 新竹->2025-08-16,目前空缺=櫃台0,跟診0,流動0
2025-08-25 20:19:50.456 [http-nio-8080-exec-3] WARN  c.e.demo.service.ScheduleServiceImpl - 新竹->2025-08-16,目前空缺=櫃台0,跟診0,流動0
2025-08-25 20:19:50.472 [http-nio-8080-exec-3] WARN  c.e.demo.service.ScheduleServiceImpl - 新竹->2025-08-18,目前空缺=櫃台0,跟診0,流動0
2025-08-25 20:19:50.493 [http-nio-8080-exec-3] WARN  c.e.demo.service.ScheduleServiceImpl - 新竹->2025-08-19,目前空缺=櫃台0,跟診1,流動0
2025-08-25 20:19:50.512 [http-nio-8080-exec-3] WARN  c.e.demo.service.ScheduleServiceImpl - 新竹->2025-08-20,目前空缺=櫃台0,跟診0,流動0
2025-08-25 20:19:50.529 [http-nio-8080-exec-3] WARN  c.e.demo.service.ScheduleServiceImpl - 新竹->2025-08-21,目前空缺=櫃台0,跟診0,流動0
2025-08-25 20:19:50.545 [http-nio-8080-exec-3] WARN  c.e.demo.service.ScheduleServiceImpl - 新竹->2025-08-22,目前空缺=櫃台0,跟診0,流動1
2025-08-25 20:19:50.559 [http-nio-8080-exec-3] WARN  c.e.demo.service.ScheduleServiceImpl - 新竹->2025-08-23,目前空缺=櫃台0,跟診0,流動0
2025-08-25 20:19:50.575 [http-nio-8080-exec-3] WARN  c.e.demo.service.ScheduleServiceImpl - 新竹->2025-08-23,目前空缺=櫃台0,跟診0,流動0
2025-08-25 20:19:50.590 [http-nio-8080-exec-3] WARN  c.e.demo.service.ScheduleServiceImpl - 新竹->2025-08-25,目前空缺=櫃台0,跟診0,流動2
2025-08-25 20:19:50.611 [http-nio-8080-exec-3] WARN  c.e.demo.service.ScheduleServiceImpl - 新竹->2025-08-26,目前空缺=櫃台0,跟診0,流動2
2025-08-25 20:19:50.629 [http-nio-8080-exec-3] WARN  c.e.demo.service.ScheduleServiceImpl - 新竹->2025-08-27,目前空缺=櫃台0,跟診0,流動2
2025-08-25 20:19:50.648 [http-nio-8080-exec-3] WARN  c.e.demo.service.ScheduleServiceImpl - 新竹->2025-08-28,目前空缺=櫃台0,跟診1,流動0
2025-08-25 20:19:50.666 [http-nio-8080-exec-3] WARN  c.e.demo.service.ScheduleServiceImpl - 新竹->2025-08-29,目前空缺=櫃台0,跟診2,流動3
2025-08-25 20:19:50.679 [http-nio-8080-exec-3] WARN  c.e.demo.service.ScheduleServiceImpl - 新竹->2025-08-30,目前空缺=櫃台0,跟診1,流動0
2025-08-25 20:20:30.987 [http-nio-8080-exec-4] WARN  c.e.demo.service.ScheduleServiceImpl - 竹北->2025-08-01,目前空缺=櫃台0,跟診0,流動0
2025-08-25 20:20:31.007 [http-nio-8080-exec-4] WARN  c.e.demo.service.ScheduleServiceImpl - 竹北->2025-08-02,目前空缺=櫃台0,跟診1,流動1
2025-08-25 20:20:31.022 [http-nio-8080-exec-4] WARN  c.e.demo.service.ScheduleServiceImpl - 竹北->2025-08-02,目前空缺=櫃台0,跟診1,流動1
2025-08-25 20:20:31.037 [http-nio-8080-exec-4] WARN  c.e.demo.service.ScheduleServiceImpl - 竹北->2025-08-04,目前空缺=櫃台0,跟診0,流動0
2025-08-25 20:20:31.077 [http-nio-8080-exec-4] WARN  c.e.demo.service.ScheduleServiceImpl - 竹北->2025-08-05,目前空缺=櫃台0,跟診0,流動0
2025-08-25 20:20:31.107 [http-nio-8080-exec-4] WARN  c.e.demo.service.ScheduleServiceImpl - 竹北->2025-08-06,目前空缺=櫃台0,跟診0,流動0
2025-08-25 20:20:31.139 [http-nio-8080-exec-4] WARN  c.e.demo.service.ScheduleServiceImpl - 竹北->2025-08-07,目前空缺=櫃台0,跟診0,流動0
2025-08-25 20:20:31.176 [http-nio-8080-exec-4] WARN  c.e.demo.service.ScheduleServiceImpl - 竹北->2025-08-08,目前空缺=櫃台0,跟診0,流動0
2025-08-25 20:20:31.187 [http-nio-8080-exec-4] WARN  c.e.demo.service.ScheduleServiceImpl - 竹北->2025-08-09,目前空缺=櫃台0,跟診0,流動0
2025-08-25 20:20:31.217 [http-nio-8080-exec-4] WARN  c.e.demo.service.ScheduleServiceImpl - 竹北->2025-08-09,目前空缺=櫃台0,跟診0,流動0
2025-08-25 20:20:31.229 [http-nio-8080-exec-4] WARN  c.e.demo.service.ScheduleServiceImpl - 竹北->2025-08-11,目前空缺=櫃台0,跟診0,流動0
2025-08-25 20:20:31.257 [http-nio-8080-exec-4] WARN  c.e.demo.service.ScheduleServiceImpl - 竹北->2025-08-12,目前空缺=櫃台0,跟診0,流動0
2025-08-25 20:20:31.285 [http-nio-8080-exec-4] WARN  c.e.demo.service.ScheduleServiceImpl - 竹北->2025-08-13,目前空缺=櫃台0,跟診0,流動0
2025-08-25 20:20:31.315 [http-nio-8080-exec-4] WARN  c.e.demo.service.ScheduleServiceImpl - 竹北->2025-08-14,目前空缺=櫃台0,跟診0,流動0
2025-08-25 20:20:31.338 [http-nio-8080-exec-4] WARN  c.e.demo.service.ScheduleServiceImpl - 竹北->2025-08-15,目前空缺=櫃台0,跟診0,流動0
2025-08-25 20:20:31.356 [http-nio-8080-exec-4] WARN  c.e.demo.service.ScheduleServiceImpl - 竹北->2025-08-16,目前空缺=櫃台0,跟診0,流動0
2025-08-25 20:20:31.372 [http-nio-8080-exec-4] WARN  c.e.demo.service.ScheduleServiceImpl - 竹北->2025-08-16,目前空缺=櫃台0,跟診0,流動0
2025-08-25 20:20:31.384 [http-nio-8080-exec-4] WARN  c.e.demo.service.ScheduleServiceImpl - 竹北->2025-08-18,目前空缺=櫃台0,跟診0,流動0
2025-08-25 20:20:31.407 [http-nio-8080-exec-4] WARN  c.e.demo.service.ScheduleServiceImpl - 竹北->2025-08-19,目前空缺=櫃台0,跟診0,流動0
2025-08-25 20:20:31.437 [http-nio-8080-exec-4] WARN  c.e.demo.service.ScheduleServiceImpl - 竹北->2025-08-20,目前空缺=櫃台0,跟診0,流動0
2025-08-25 20:20:31.463 [http-nio-8080-exec-4] WARN  c.e.demo.service.ScheduleServiceImpl - 竹北->2025-08-21,目前空缺=櫃台0,跟診1,流動0
2025-08-25 20:20:31.487 [http-nio-8080-exec-4] WARN  c.e.demo.service.ScheduleServiceImpl - 竹北->2025-08-22,目前空缺=櫃台0,跟診0,流動0
2025-08-25 20:20:31.502 [http-nio-8080-exec-4] WARN  c.e.demo.service.ScheduleServiceImpl - 竹北->2025-08-23,目前空缺=櫃台0,跟診0,流動0
2025-08-25 20:20:31.518 [http-nio-8080-exec-4] WARN  c.e.demo.service.ScheduleServiceImpl - 竹北->2025-08-23,目前空缺=櫃台0,跟診0,流動0
2025-08-25 20:20:31.530 [http-nio-8080-exec-4] WARN  c.e.demo.service.ScheduleServiceImpl - 竹北->2025-08-25,目前空缺=櫃台1,跟診0,流動0
2025-08-25 20:20:31.548 [http-nio-8080-exec-4] WARN  c.e.demo.service.ScheduleServiceImpl - 竹北->2025-08-26,目前空缺=櫃台0,跟診2,流動1
2025-08-25 20:20:31.571 [http-nio-8080-exec-4] WARN  c.e.demo.service.ScheduleServiceImpl - 竹北->2025-08-27,目前空缺=櫃台0,跟診0,流動1
2025-08-25 20:20:31.592 [http-nio-8080-exec-4] WARN  c.e.demo.service.ScheduleServiceImpl - 竹北->2025-08-28,目前空缺=櫃台0,跟診0,流動1
2025-08-25 20:20:31.615 [http-nio-8080-exec-4] WARN  c.e.demo.service.ScheduleServiceImpl - 竹北->2025-08-29,目前空缺=櫃台0,跟診0,流動4
2025-08-25 20:20:31.626 [http-nio-8080-exec-4] WARN  c.e.demo.service.ScheduleServiceImpl - 竹北->2025-08-30,目前空缺=櫃台0,跟診0,流動0
2025-08-25 20:27:47.312 [restartedMain] INFO  com.example.demo.DemoApplication - Starting DemoApplication using Java 17.0.15 with PID 18404 (D:\demo\demo\target\classes started by 王品傑 in D:\demo\demo)
2025-08-25 20:27:47.312 [restartedMain] INFO  com.example.demo.DemoApplication - No active profile set, falling back to 1 default profile: "default"
2025-08-25 20:27:47.388 [restartedMain] INFO  o.s.b.d.e.DevToolsPropertyDefaultsPostProcessor - Devtools property defaults active! Set 'spring.devtools.add-properties' to 'false' to disable
2025-08-25 20:27:47.388 [restartedMain] INFO  o.s.b.d.e.DevToolsPropertyDefaultsPostProcessor - For additional web related logging consider setting the 'logging.level.web' property to 'DEBUG'
2025-08-25 20:27:48.063 [restartedMain] INFO  o.s.d.r.c.RepositoryConfigurationDelegate - Bootstrapping Spring Data JPA repositories in DEFAULT mode.
2025-08-25 20:27:48.138 [restartedMain] INFO  o.s.d.r.c.RepositoryConfigurationDelegate - Finished Spring Data repository scanning in 64 ms. Found 4 JPA repository interfaces.
2025-08-25 20:27:48.782 [restartedMain] INFO  o.s.b.w.e.tomcat.TomcatWebServer - Tomcat initialized with port 8080 (http)
2025-08-25 20:27:48.798 [restartedMain] INFO  o.a.catalina.core.StandardService - Starting service [Tomcat]
2025-08-25 20:27:48.798 [restartedMain] INFO  o.a.catalina.core.StandardEngine - Starting Servlet engine: [Apache Tomcat/10.1.43]
2025-08-25 20:27:48.859 [restartedMain] INFO  o.a.c.c.C.[Tomcat].[localhost].[/] - Initializing Spring embedded WebApplicationContext
2025-08-25 20:27:48.860 [restartedMain] INFO  o.s.b.w.s.c.ServletWebServerApplicationContext - Root WebApplicationContext: initialization completed in 1472 ms
2025-08-25 20:27:49.040 [restartedMain] INFO  o.h.jpa.internal.util.LogHelper - HHH000204: Processing PersistenceUnitInfo [name: default]
2025-08-25 20:27:49.098 [restartedMain] INFO  org.hibernate.Version - HHH000412: Hibernate ORM core version 6.6.22.Final
2025-08-25 20:27:49.132 [restartedMain] INFO  o.h.c.i.RegionFactoryInitiator - HHH000026: Second-level cache disabled
2025-08-25 20:27:49.393 [restartedMain] INFO  o.s.o.j.p.SpringPersistenceUnitInfo - No LoadTimeWeaver setup: ignoring JPA class transformer
2025-08-25 20:27:49.425 [restartedMain] INFO  com.zaxxer.hikari.HikariDataSource - HikariPool-1 - Starting...
2025-08-25 20:27:49.657 [restartedMain] INFO  com.zaxxer.hikari.pool.HikariPool - HikariPool-1 - Added connection conn0: url=jdbc:h2:file:./data/testdb user=SA
2025-08-25 20:27:49.660 [restartedMain] INFO  com.zaxxer.hikari.HikariDataSource - HikariPool-1 - Start completed.
2025-08-25 20:27:49.686 [restartedMain] WARN  org.hibernate.orm.deprecation - HHH90000025: H2Dialect does not need to be specified explicitly using 'hibernate.dialect' (remove the property setting and it will be selected by default)
2025-08-25 20:27:49.710 [restartedMain] INFO  o.hibernate.orm.connections.pooling - HHH10001005: Database info:
	Database JDBC URL [Connecting through datasource 'HikariDataSource (HikariPool-1)']
	Database driver: undefined/unknown
	Database version: 2.3.232
	Autocommit mode: undefined/unknown
	Isolation level: undefined/unknown
	Minimum pool size: undefined/unknown
	Maximum pool size: undefined/unknown
2025-08-25 20:27:50.562 [restartedMain] INFO  o.h.e.t.j.p.i.JtaPlatformInitiator - HHH000489: No JTA platform available (set 'hibernate.transaction.jta.platform' to enable JTA platform integration)
2025-08-25 20:27:50.622 [restartedMain] INFO  o.s.o.j.LocalContainerEntityManagerFactoryBean - Initialized JPA EntityManagerFactory for persistence unit 'default'
2025-08-25 20:27:50.858 [restartedMain] INFO  o.s.d.j.r.query.QueryEnhancerFactory - Hibernate is in classpath; If applicable, HQL parser will be used.
2025-08-25 20:27:51.543 [restartedMain] WARN  o.s.b.w.s.c.AnnotationConfigServletWebServerApplicationContext - Exception encountered during context initialization - cancelling refresh attempt: org.springframework.beans.factory.UnsatisfiedDependencyException: Error creating bean with name 'scheduleController' defined in file [D:\demo\demo\target\classes\com\example\demo\controller\ScheduleController.class]: Unsatisfied dependency expressed through constructor parameter 0: Error creating bean with name 'scheduleServiceImpl' defined in file [D:\demo\demo\target\classes\com\example\demo\service\ScheduleServiceImpl.class]: Unsatisfied dependency expressed through constructor parameter 0: Error creating bean with name 'leaveScheduleRepository' defined in com.example.demo.repository.LeaveScheduleRepository defined in @EnableJpaRepositories declared on JpaRepositoriesRegistrar.EnableJpaRepositoriesConfiguration: Could not create query for public abstract java.util.List com.example.demo.repository.LeaveScheduleRepository.findByLeaveDateBetween(java.time.LocalDate,java.time.LocalDate,java.lang.String); Reason: Validation failed for query for method public abstract java.util.List com.example.demo.repository.LeaveScheduleRepository.findByLeaveDateBetween(java.time.LocalDate,java.time.LocalDate,java.lang.String)
2025-08-25 20:27:51.544 [restartedMain] INFO  o.s.o.j.LocalContainerEntityManagerFactoryBean - Closing JPA EntityManagerFactory for persistence unit 'default'
2025-08-25 20:27:51.547 [restartedMain] INFO  com.zaxxer.hikari.HikariDataSource - HikariPool-1 - Shutdown initiated...
2025-08-25 20:27:51.583 [restartedMain] INFO  com.zaxxer.hikari.HikariDataSource - HikariPool-1 - Shutdown completed.
2025-08-25 20:27:51.591 [restartedMain] INFO  o.a.catalina.core.StandardService - Stopping service [Tomcat]
2025-08-25 20:27:51.605 [restartedMain] INFO  o.s.b.a.l.ConditionEvaluationReportLogger - 

Error starting ApplicationContext. To display the condition evaluation report re-run your application with 'debug' enabled.
2025-08-25 20:27:51.624 [restartedMain] ERROR o.s.boot.SpringApplication - Application run failed
org.springframework.beans.factory.UnsatisfiedDependencyException: Error creating bean with name 'scheduleController' defined in file [D:\demo\demo\target\classes\com\example\demo\controller\ScheduleController.class]: Unsatisfied dependency expressed through constructor parameter 0: Error creating bean with name 'scheduleServiceImpl' defined in file [D:\demo\demo\target\classes\com\example\demo\service\ScheduleServiceImpl.class]: Unsatisfied dependency expressed through constructor parameter 0: Error creating bean with name 'leaveScheduleRepository' defined in com.example.demo.repository.LeaveScheduleRepository defined in @EnableJpaRepositories declared on JpaRepositoriesRegistrar.EnableJpaRepositoriesConfiguration: Could not create query for public abstract java.util.List com.example.demo.repository.LeaveScheduleRepository.findByLeaveDateBetween(java.time.LocalDate,java.time.LocalDate,java.lang.String); Reason: Validation failed for query for method public abstract java.util.List com.example.demo.repository.LeaveScheduleRepository.findByLeaveDateBetween(java.time.LocalDate,java.time.LocalDate,java.lang.String)
	at org.springframework.beans.factory.support.ConstructorResolver.createArgumentArray(ConstructorResolver.java:804)
	at org.springframework.beans.factory.support.ConstructorResolver.autowireConstructor(ConstructorResolver.java:240)
	at org.springframework.beans.factory.support.AbstractAutowireCapableBeanFactory.autowireConstructor(AbstractAutowireCapableBeanFactory.java:1395)
	at org.springframework.beans.factory.support.AbstractAutowireCapableBeanFactory.createBeanInstance(AbstractAutowireCapableBeanFactory.java:1232)
	at org.springframework.beans.factory.support.AbstractAutowireCapableBeanFactory.doCreateBean(AbstractAutowireCapableBeanFactory.java:569)
	at org.springframework.beans.factory.support.AbstractAutowireCapableBeanFactory.createBean(AbstractAutowireCapableBeanFactory.java:529)
	at org.springframework.beans.factory.support.AbstractBeanFactory.lambda$doGetBean$0(AbstractBeanFactory.java:339)
	at org.springframework.beans.factory.support.DefaultSingletonBeanRegistry.getSingleton(DefaultSingletonBeanRegistry.java:373)
	at org.springframework.beans.factory.support.AbstractBeanFactory.doGetBean(AbstractBeanFactory.java:337)
	at org.springframework.beans.factory.support.AbstractBeanFactory.getBean(AbstractBeanFactory.java:202)
	at org.springframework.beans.factory.support.DefaultListableBeanFactory.instantiateSingleton(DefaultListableBeanFactory.java:1222)
	at org.springframework.beans.factory.support.DefaultListableBeanFactory.preInstantiateSingleton(DefaultListableBeanFactory.java:1188)
	at org.springframework.beans.factory.support.DefaultListableBeanFactory.preInstantiateSingletons(DefaultListableBeanFactory.java:1123)
	at org.springframework.context.support.AbstractApplicationContext.finishBeanFactoryInitialization(AbstractApplicationContext.java:987)
	at org.springframework.context.support.AbstractApplicationContext.refresh(AbstractApplicationContext.java:627)
	at org.springframework.boot.web.servlet.context.ServletWebServerApplicationContext.refresh(ServletWebServerApplicationContext.java:146)
	at org.springframework.boot.SpringApplication.refresh(SpringApplication.java:752)
	at org.springframework.boot.SpringApplication.refreshContext(SpringApplication.java:439)
	at org.springframework.boot.SpringApplication.run(SpringApplication.java:318)
	at org.springframework.boot.SpringApplication.run(SpringApplication.java:1361)
	at org.springframework.boot.SpringApplication.run(SpringApplication.java:1350)
	at com.example.demo.DemoApplication.main(DemoApplication.java:12)
	at java.base/jdk.internal.reflect.NativeMethodAccessorImpl.invoke0(Native Method)
	at java.base/jdk.internal.reflect.NativeMethodAccessorImpl.invoke(NativeMethodAccessorImpl.java:77)
	at java.base/jdk.internal.reflect.DelegatingMethodAccessorImpl.invoke(DelegatingMethodAccessorImpl.java:43)
	at java.base/java.lang.reflect.Method.invoke(Method.java:569)
	at org.springframework.boot.devtools.restart.RestartLauncher.run(RestartLauncher.java:50)
Caused by: org.springframework.beans.factory.UnsatisfiedDependencyException: Error creating bean with name 'scheduleServiceImpl' defined in file [D:\demo\demo\target\classes\com\example\demo\service\ScheduleServiceImpl.class]: Unsatisfied dependency expressed through constructor parameter 0: Error creating bean with name 'leaveScheduleRepository' defined in com.example.demo.repository.LeaveScheduleRepository defined in @EnableJpaRepositories declared on JpaRepositoriesRegistrar.EnableJpaRepositoriesConfiguration: Could not create query for public abstract java.util.List com.example.demo.repository.LeaveScheduleRepository.findByLeaveDateBetween(java.time.LocalDate,java.time.LocalDate,java.lang.String); Reason: Validation failed for query for method public abstract java.util.List com.example.demo.repository.LeaveScheduleRepository.findByLeaveDateBetween(java.time.LocalDate,java.time.LocalDate,java.lang.String)
	at org.springframework.beans.factory.support.ConstructorResolver.createArgumentArray(ConstructorResolver.java:804)
	at org.springframework.beans.factory.support.ConstructorResolver.autowireConstructor(ConstructorResolver.java:240)
	at org.springframework.beans.factory.support.AbstractAutowireCapableBeanFactory.autowireConstructor(AbstractAutowireCapableBeanFactory.java:1395)
	at org.springframework.beans.factory.support.AbstractAutowireCapableBeanFactory.createBeanInstance(AbstractAutowireCapableBeanFactory.java:1232)
	at org.springframework.beans.factory.support.AbstractAutowireCapableBeanFactory.doCreateBean(AbstractAutowireCapableBeanFactory.java:569)
	at org.springframework.beans.factory.support.AbstractAutowireCapableBeanFactory.createBean(AbstractAutowireCapableBeanFactory.java:529)
	at org.springframework.beans.factory.support.AbstractBeanFactory.lambda$doGetBean$0(AbstractBeanFactory.java:339)
	at org.springframework.beans.factory.support.DefaultSingletonBeanRegistry.getSingleton(DefaultSingletonBeanRegistry.java:373)
	at org.springframework.beans.factory.support.AbstractBeanFactory.doGetBean(AbstractBeanFactory.java:337)
	at org.springframework.beans.factory.support.AbstractBeanFactory.getBean(AbstractBeanFactory.java:202)
	at org.springframework.beans.factory.config.DependencyDescriptor.resolveCandidate(DependencyDescriptor.java:254)
	at org.springframework.beans.factory.support.DefaultListableBeanFactory.doResolveDependency(DefaultListableBeanFactory.java:1745)
	at org.springframework.beans.factory.support.DefaultListableBeanFactory.resolveDependency(DefaultListableBeanFactory.java:1628)
	at org.springframework.beans.factory.support.ConstructorResolver.resolveAutowiredArgument(ConstructorResolver.java:913)
	at org.springframework.beans.factory.support.ConstructorResolver.createArgumentArray(ConstructorResolver.java:791)
	... 26 common frames omitted
Caused by: org.springframework.beans.factory.BeanCreationException: Error creating bean with name 'leaveScheduleRepository' defined in com.example.demo.repository.LeaveScheduleRepository defined in @EnableJpaRepositories declared on JpaRepositoriesRegistrar.EnableJpaRepositoriesConfiguration: Could not create query for public abstract java.util.List com.example.demo.repository.LeaveScheduleRepository.findByLeaveDateBetween(java.time.LocalDate,java.time.LocalDate,java.lang.String); Reason: Validation failed for query for method public abstract java.util.List com.example.demo.repository.LeaveScheduleRepository.findByLeaveDateBetween(java.time.LocalDate,java.time.LocalDate,java.lang.String)
	at org.springframework.beans.factory.support.AbstractAutowireCapableBeanFactory.initializeBean(AbstractAutowireCapableBeanFactory.java:1826)
	at org.springframework.beans.factory.support.AbstractAutowireCapableBeanFactory.doCreateBean(AbstractAutowireCapableBeanFactory.java:607)
	at org.springframework.beans.factory.support.AbstractAutowireCapableBeanFactory.createBean(AbstractAutowireCapableBeanFactory.java:529)
	at org.springframework.beans.factory.support.AbstractBeanFactory.lambda$doGetBean$0(AbstractBeanFactory.java:339)
	at org.springframework.beans.factory.support.DefaultSingletonBeanRegistry.getSingleton(DefaultSingletonBeanRegistry.java:373)
	at org.springframework.beans.factory.support.AbstractBeanFactory.doGetBean(AbstractBeanFactory.java:337)
	at org.springframework.beans.factory.support.AbstractBeanFactory.getBean(AbstractBeanFactory.java:202)
	at org.springframework.beans.factory.support.DefaultListableBeanFactory.doResolveDependency(DefaultListableBeanFactory.java:1683)
	at org.springframework.beans.factory.support.DefaultListableBeanFactory.resolveDependency(DefaultListableBeanFactory.java:1628)
	at org.springframework.beans.factory.support.ConstructorResolver.resolveAutowiredArgument(ConstructorResolver.java:913)
	at org.springframework.beans.factory.support.ConstructorResolver.createArgumentArray(ConstructorResolver.java:791)
	... 40 common frames omitted
Caused by: org.springframework.data.repository.query.QueryCreationException: Could not create query for public abstract java.util.List com.example.demo.repository.LeaveScheduleRepository.findByLeaveDateBetween(java.time.LocalDate,java.time.LocalDate,java.lang.String); Reason: Validation failed for query for method public abstract java.util.List com.example.demo.repository.LeaveScheduleRepository.findByLeaveDateBetween(java.time.LocalDate,java.time.LocalDate,java.lang.String)
	at org.springframework.data.repository.query.QueryCreationException.create(QueryCreationException.java:101)
	at org.springframework.data.repository.core.support.QueryExecutorMethodInterceptor.lookupQuery(QueryExecutorMethodInterceptor.java:120)
	at org.springframework.data.repository.core.support.QueryExecutorMethodInterceptor.mapMethodsToQuery(QueryExecutorMethodInterceptor.java:104)
	at org.springframework.data.repository.core.support.QueryExecutorMethodInterceptor.lambda$new$0(QueryExecutorMethodInterceptor.java:92)
	at java.base/java.util.Optional.map(Optional.java:260)
	at org.springframework.data.repository.core.support.QueryExecutorMethodInterceptor.<init>(QueryExecutorMethodInterceptor.java:92)
	at org.springframework.data.repository.core.support.RepositoryFactorySupport.getRepository(RepositoryFactorySupport.java:434)
	at org.springframework.data.repository.core.support.RepositoryFactoryBeanSupport.lambda$afterPropertiesSet$4(RepositoryFactoryBeanSupport.java:350)
	at org.springframework.data.util.Lazy.getNullable(Lazy.java:135)
	at org.springframework.data.util.Lazy.get(Lazy.java:113)
	at org.springframework.data.repository.core.support.RepositoryFactoryBeanSupport.afterPropertiesSet(RepositoryFactoryBeanSupport.java:356)
	at org.springframework.data.jpa.repository.support.JpaRepositoryFactoryBean.afterPropertiesSet(JpaRepositoryFactoryBean.java:132)
	at org.springframework.beans.factory.support.AbstractAutowireCapableBeanFactory.invokeInitMethods(AbstractAutowireCapableBeanFactory.java:1873)
	at org.springframework.beans.factory.support.AbstractAutowireCapableBeanFactory.initializeBean(AbstractAutowireCapableBeanFactory.java:1822)
	... 50 common frames omitted
Caused by: java.lang.IllegalArgumentException: Validation failed for query for method public abstract java.util.List com.example.demo.repository.LeaveScheduleRepository.findByLeaveDateBetween(java.time.LocalDate,java.time.LocalDate,java.lang.String)
	at org.springframework.data.jpa.repository.query.SimpleJpaQuery.validateQuery(SimpleJpaQuery.java:97)
	at org.springframework.data.jpa.repository.query.SimpleJpaQuery.<init>(SimpleJpaQuery.java:67)
	at org.springframework.data.jpa.repository.query.JpaQueryFactory.fromMethodWithQueryString(JpaQueryFactory.java:49)
	at org.springframework.data.jpa.repository.query.JpaQueryLookupStrategy$DeclaredQueryLookupStrategy.resolveQuery(JpaQueryLookupStrategy.java:174)
	at org.springframework.data.jpa.repository.query.JpaQueryLookupStrategy$CreateIfNotFoundQueryLookupStrategy.resolveQuery(JpaQueryLookupStrategy.java:254)
	at org.springframework.data.jpa.repository.query.JpaQueryLookupStrategy$AbstractQueryLookupStrategy.resolveQuery(JpaQueryLookupStrategy.java:99)
	at org.springframework.data.repository.core.support.QueryExecutorMethodInterceptor.lookupQuery(QueryExecutorMethodInterceptor.java:116)
	... 62 common frames omitted
Caused by: java.lang.IllegalArgumentException: org.hibernate.query.sqm.UnknownPathException: Could not resolve attribute 'id' of 'com.example.demo.jpa.LeaveScheduleKey' [SELECT ls FROM LeaveSchedule ls WHERE ls.key.date BETWEEN :startDate AND :endDate AND ls.region = :region AND ls.key.id like 'D%' ORDER BY  ls.key.date]
	at org.hibernate.internal.ExceptionConverterImpl.convert(ExceptionConverterImpl.java:143)
	at org.hibernate.internal.ExceptionConverterImpl.convert(ExceptionConverterImpl.java:167)
	at org.hibernate.internal.ExceptionConverterImpl.convert(ExceptionConverterImpl.java:173)
	at org.hibernate.internal.AbstractSharedSessionContract.createQuery(AbstractSharedSessionContract.java:886)
	at org.hibernate.internal.AbstractSharedSessionContract.createQuery(AbstractSharedSessionContract.java:796)
	at org.hibernate.internal.AbstractSharedSessionContract.createQuery(AbstractSharedSessionContract.java:143)
	at java.base/jdk.internal.reflect.NativeMethodAccessorImpl.invoke0(Native Method)
	at java.base/jdk.internal.reflect.NativeMethodAccessorImpl.invoke(NativeMethodAccessorImpl.java:77)
	at java.base/jdk.internal.reflect.DelegatingMethodAccessorImpl.invoke(DelegatingMethodAccessorImpl.java:43)
	at java.base/java.lang.reflect.Method.invoke(Method.java:569)
	at org.springframework.orm.jpa.ExtendedEntityManagerCreator$ExtendedEntityManagerInvocationHandler.invoke(ExtendedEntityManagerCreator.java:364)
	at jdk.proxy4/jdk.proxy4.$Proxy123.createQuery(Unknown Source)
	at org.springframework.data.jpa.repository.query.SimpleJpaQuery.validateQuery(SimpleJpaQuery.java:91)
	... 68 common frames omitted
Caused by: org.hibernate.query.sqm.UnknownPathException: Could not resolve attribute 'id' of 'com.example.demo.jpa.LeaveScheduleKey' [SELECT ls FROM LeaveSchedule ls WHERE ls.key.date BETWEEN :startDate AND :endDate AND ls.region = :region AND ls.key.id like 'D%' ORDER BY  ls.key.date]
	at org.hibernate.query.hql.internal.StandardHqlTranslator.translate(StandardHqlTranslator.java:88)
	at org.hibernate.query.internal.QueryInterpretationCacheStandardImpl.createHqlInterpretation(QueryInterpretationCacheStandardImpl.java:145)
	at org.hibernate.query.internal.QueryInterpretationCacheStandardImpl.resolveHqlInterpretation(QueryInterpretationCacheStandardImpl.java:132)
	at org.hibernate.query.spi.QueryEngine.interpretHql(QueryEngine.java:54)
	at org.hibernate.internal.AbstractSharedSessionContract.interpretHql(AbstractSharedSessionContract.java:832)
	at org.hibernate.internal.AbstractSharedSessionContract.createQuery(AbstractSharedSessionContract.java:878)
	... 77 common frames omitted
Caused by: org.hibernate.query.sqm.PathElementException: Could not resolve attribute 'id' of 'com.example.demo.jpa.LeaveScheduleKey'
	at org.hibernate.query.sqm.SqmPathSource.getSubPathSource(SqmPathSource.java:95)
	at org.hibernate.query.sqm.tree.domain.AbstractSqmPath.get(AbstractSqmPath.java:198)
	at org.hibernate.query.sqm.tree.domain.SqmEmbeddedValuedSimplePath.resolvePathPart(SqmEmbeddedValuedSimplePath.java:89)
	at org.hibernate.query.hql.internal.DomainPathPart.resolvePathPart(DomainPathPart.java:42)
	at org.hibernate.query.hql.internal.BasicDotIdentifierConsumer.consumeIdentifier(BasicDotIdentifierConsumer.java:92)
	at org.hibernate.query.hql.internal.SemanticQueryBuilder.visitSimplePath(SemanticQueryBuilder.java:5465)
	at org.hibernate.query.hql.internal.SemanticQueryBuilder.visitGeneralPathFragment(SemanticQueryBuilder.java:5298)
	at org.hibernate.query.hql.internal.SemanticQueryBuilder.visitGeneralPathExpression(SemanticQueryBuilder.java:1891)
	at org.hibernate.grammars.hql.HqlParser$GeneralPathExpressionContext.accept(HqlParser.java:8268)
	at org.antlr.v4.runtime.tree.AbstractParseTreeVisitor.visitChildren(AbstractParseTreeVisitor.java:46)
	at org.hibernate.grammars.hql.HqlParserBaseVisitor.visitBarePrimaryExpression(HqlParserBaseVisitor.java:812)
	at org.hibernate.grammars.hql.HqlParser$BarePrimaryExpressionContext.accept(HqlParser.java:7726)
	at org.hibernate.query.hql.internal.SemanticQueryBuilder.visitLikePredicate(SemanticQueryBuilder.java:2721)
	at org.hibernate.query.hql.internal.SemanticQueryBuilder.visitLikePredicate(SemanticQueryBuilder.java:277)
	at org.hibernate.grammars.hql.HqlParser$LikePredicateContext.accept(HqlParser.java:6535)
	at org.hibernate.query.hql.internal.SemanticQueryBuilder.visitAndPredicate(SemanticQueryBuilder.java:2379)
	at org.hibernate.query.hql.internal.SemanticQueryBuilder.visitAndPredicate(SemanticQueryBuilder.java:277)
	at org.hibernate.grammars.hql.HqlParser$AndPredicateContext.accept(HqlParser.java:6461)
	at org.hibernate.query.hql.internal.SemanticQueryBuilder.visitWhereClause(SemanticQueryBuilder.java:2361)
	at org.hibernate.query.hql.internal.SemanticQueryBuilder.visitWhereClause(SemanticQueryBuilder.java:277)
	at org.hibernate.grammars.hql.HqlParser$WhereClauseContext.accept(HqlParser.java:6302)
	at org.hibernate.query.hql.internal.SemanticQueryBuilder.visitQuery(SemanticQueryBuilder.java:1259)
	at org.hibernate.query.hql.internal.SemanticQueryBuilder.visitQuerySpecExpression(SemanticQueryBuilder.java:1040)
	at org.hibernate.query.hql.internal.SemanticQueryBuilder.visitQuerySpecExpression(SemanticQueryBuilder.java:277)
	at org.hibernate.grammars.hql.HqlParser$QuerySpecExpressionContext.accept(HqlParser.java:2134)
	at org.hibernate.query.hql.internal.SemanticQueryBuilder.visitSimpleQueryGroup(SemanticQueryBuilder.java:1025)
	at org.hibernate.query.hql.internal.SemanticQueryBuilder.visitSimpleQueryGroup(SemanticQueryBuilder.java:277)
	at org.hibernate.grammars.hql.HqlParser$SimpleQueryGroupContext.accept(HqlParser.java:2005)
	at org.hibernate.query.hql.internal.SemanticQueryBuilder.visitSelectStatement(SemanticQueryBuilder.java:492)
	at org.hibernate.query.hql.internal.SemanticQueryBuilder.visitStatement(SemanticQueryBuilder.java:451)
	at org.hibernate.query.hql.internal.SemanticQueryBuilder.buildSemanticModel(SemanticQueryBuilder.java:324)
	at org.hibernate.query.hql.internal.StandardHqlTranslator.translate(StandardHqlTranslator.java:71)
	... 82 common frames omitted
2025-08-25 20:34:36.805 [restartedMain] INFO  com.example.demo.DemoApplication - Starting DemoApplication using Java 17.0.15 with PID 16904 (D:\demo\demo\target\classes started by 王品傑 in D:\demo\demo)
2025-08-25 20:34:36.808 [restartedMain] INFO  com.example.demo.DemoApplication - No active profile set, falling back to 1 default profile: "default"
2025-08-25 20:34:36.865 [restartedMain] INFO  o.s.b.d.e.DevToolsPropertyDefaultsPostProcessor - Devtools property defaults active! Set 'spring.devtools.add-properties' to 'false' to disable
2025-08-25 20:34:36.865 [restartedMain] INFO  o.s.b.d.e.DevToolsPropertyDefaultsPostProcessor - For additional web related logging consider setting the 'logging.level.web' property to 'DEBUG'
2025-08-25 20:34:37.542 [restartedMain] INFO  o.s.d.r.c.RepositoryConfigurationDelegate - Bootstrapping Spring Data JPA repositories in DEFAULT mode.
2025-08-25 20:34:37.623 [restartedMain] INFO  o.s.d.r.c.RepositoryConfigurationDelegate - Finished Spring Data repository scanning in 69 ms. Found 4 JPA repository interfaces.
2025-08-25 20:34:38.282 [restartedMain] INFO  o.s.b.w.e.tomcat.TomcatWebServer - Tomcat initialized with port 8080 (http)
2025-08-25 20:34:38.297 [restartedMain] INFO  o.a.catalina.core.StandardService - Starting service [Tomcat]
2025-08-25 20:34:38.297 [restartedMain] INFO  o.a.catalina.core.StandardEngine - Starting Servlet engine: [Apache Tomcat/10.1.43]
2025-08-25 20:34:38.365 [restartedMain] INFO  o.a.c.c.C.[Tomcat].[localhost].[/] - Initializing Spring embedded WebApplicationContext
2025-08-25 20:34:38.365 [restartedMain] INFO  o.s.b.w.s.c.ServletWebServerApplicationContext - Root WebApplicationContext: initialization completed in 1500 ms
2025-08-25 20:34:38.554 [restartedMain] INFO  o.h.jpa.internal.util.LogHelper - HHH000204: Processing PersistenceUnitInfo [name: default]
2025-08-25 20:34:38.607 [restartedMain] INFO  org.hibernate.Version - HHH000412: Hibernate ORM core version 6.6.22.Final
2025-08-25 20:34:38.645 [restartedMain] INFO  o.h.c.i.RegionFactoryInitiator - HHH000026: Second-level cache disabled
2025-08-25 20:34:38.934 [restartedMain] INFO  o.s.o.j.p.SpringPersistenceUnitInfo - No LoadTimeWeaver setup: ignoring JPA class transformer
2025-08-25 20:34:38.967 [restartedMain] INFO  com.zaxxer.hikari.HikariDataSource - HikariPool-1 - Starting...
2025-08-25 20:34:39.224 [restartedMain] INFO  com.zaxxer.hikari.pool.HikariPool - HikariPool-1 - Added connection conn0: url=jdbc:h2:file:./data/testdb user=SA
2025-08-25 20:34:39.227 [restartedMain] INFO  com.zaxxer.hikari.HikariDataSource - HikariPool-1 - Start completed.
2025-08-25 20:34:39.256 [restartedMain] WARN  org.hibernate.orm.deprecation - HHH90000025: H2Dialect does not need to be specified explicitly using 'hibernate.dialect' (remove the property setting and it will be selected by default)
2025-08-25 20:34:39.284 [restartedMain] INFO  o.hibernate.orm.connections.pooling - HHH10001005: Database info:
	Database JDBC URL [Connecting through datasource 'HikariDataSource (HikariPool-1)']
	Database driver: undefined/unknown
	Database version: 2.3.232
	Autocommit mode: undefined/unknown
	Isolation level: undefined/unknown
	Minimum pool size: undefined/unknown
	Maximum pool size: undefined/unknown
2025-08-25 20:34:40.175 [restartedMain] INFO  o.h.e.t.j.p.i.JtaPlatformInitiator - HHH000489: No JTA platform available (set 'hibernate.transaction.jta.platform' to enable JTA platform integration)
2025-08-25 20:34:40.236 [restartedMain] INFO  o.s.o.j.LocalContainerEntityManagerFactoryBean - Initialized JPA EntityManagerFactory for persistence unit 'default'
2025-08-25 20:34:40.493 [restartedMain] INFO  o.s.d.j.r.query.QueryEnhancerFactory - Hibernate is in classpath; If applicable, HQL parser will be used.
2025-08-25 20:34:41.191 [restartedMain] WARN  o.s.b.a.o.j.JpaBaseConfiguration$JpaWebConfiguration - spring.jpa.open-in-view is enabled by default. Therefore, database queries may be performed during view rendering. Explicitly configure spring.jpa.open-in-view to disable this warning
2025-08-25 20:34:41.469 [restartedMain] INFO  o.s.b.a.h.H2ConsoleAutoConfiguration - H2 console available at '/h2-console'. Database available at 'jdbc:h2:file:./data/testdb'
2025-08-25 20:34:41.540 [restartedMain] INFO  o.s.b.d.a.OptionalLiveReloadServer - LiveReload server is running on port 35729
2025-08-25 20:34:41.572 [restartedMain] INFO  o.s.b.w.e.tomcat.TomcatWebServer - Tomcat started on port 8080 (http) with context path '/'
2025-08-25 20:34:41.587 [restartedMain] INFO  com.example.demo.DemoApplication - Started DemoApplication in 5.34 seconds (process running for 5.757)
2025-08-25 20:34:52.182 [http-nio-8080-exec-1] INFO  o.a.c.c.C.[Tomcat].[localhost].[/] - Initializing Spring DispatcherServlet 'dispatcherServlet'
2025-08-25 20:34:52.183 [http-nio-8080-exec-1] INFO  o.s.web.servlet.DispatcherServlet - Initializing Servlet 'dispatcherServlet'
2025-08-25 20:34:52.184 [http-nio-8080-exec-1] INFO  o.s.web.servlet.DispatcherServlet - Completed initialization in 1 ms
2025-08-25 20:34:52.692 [http-nio-8080-exec-1] WARN  c.e.demo.service.ScheduleServiceImpl - 新竹->2025-08-01,目前空缺=櫃台0,跟診0,流動1
2025-08-25 20:34:52.786 [http-nio-8080-exec-1] WARN  c.e.demo.service.ScheduleServiceImpl - 新竹->2025-08-02,目前空缺=櫃台0,跟診0,流動0
2025-08-25 20:34:52.834 [http-nio-8080-exec-1] WARN  c.e.demo.service.ScheduleServiceImpl - 新竹->2025-08-02,目前空缺=櫃台0,跟診0,流動0
2025-08-25 20:34:52.875 [http-nio-8080-exec-1] WARN  c.e.demo.service.ScheduleServiceImpl - 新竹->2025-08-04,目前空缺=櫃台0,跟診0,流動0
2025-08-25 20:34:52.907 [http-nio-8080-exec-2] WARN  c.e.demo.service.ScheduleServiceImpl - 新竹->2025-08-01,目前空缺=櫃台0,跟診0,流動1
2025-08-25 20:34:52.926 [http-nio-8080-exec-1] WARN  c.e.demo.service.ScheduleServiceImpl - 新竹->2025-08-05,目前空缺=櫃台0,跟診0,流動0
2025-08-25 20:34:52.932 [http-nio-8080-exec-2] WARN  c.e.demo.service.ScheduleServiceImpl - 新竹->2025-08-02,目前空缺=櫃台0,跟診0,流動0
2025-08-25 20:34:52.965 [http-nio-8080-exec-2] WARN  c.e.demo.service.ScheduleServiceImpl - 新竹->2025-08-02,目前空缺=櫃台0,跟診0,流動0
2025-08-25 20:34:52.972 [http-nio-8080-exec-1] WARN  c.e.demo.service.ScheduleServiceImpl - 新竹->2025-08-06,目前空缺=櫃台0,跟診0,流動0
2025-08-25 20:34:52.998 [http-nio-8080-exec-2] WARN  c.e.demo.service.ScheduleServiceImpl - 新竹->2025-08-04,目前空缺=櫃台0,跟診0,流動0
2025-08-25 20:34:53.017 [http-nio-8080-exec-1] WARN  c.e.demo.service.ScheduleServiceImpl - 新竹->2025-08-07,目前空缺=櫃台0,跟診0,流動0
2025-08-25 20:34:53.037 [http-nio-8080-exec-2] WARN  c.e.demo.service.ScheduleServiceImpl - 新竹->2025-08-05,目前空缺=櫃台0,跟診0,流動0
2025-08-25 20:34:53.049 [http-nio-8080-exec-1] WARN  c.e.demo.service.ScheduleServiceImpl - 新竹->2025-08-08,目前空缺=櫃台0,跟診0,流動1
2025-08-25 20:34:53.075 [http-nio-8080-exec-1] WARN  c.e.demo.service.ScheduleServiceImpl - 新竹->2025-08-09,目前空缺=櫃台0,跟診0,流動0
2025-08-25 20:34:53.077 [http-nio-8080-exec-2] WARN  c.e.demo.service.ScheduleServiceImpl - 新竹->2025-08-06,目前空缺=櫃台0,跟診0,流動0
2025-08-25 20:34:53.100 [http-nio-8080-exec-1] WARN  c.e.demo.service.ScheduleServiceImpl - 新竹->2025-08-09,目前空缺=櫃台0,跟診0,流動0
2025-08-25 20:34:53.103 [http-nio-8080-exec-2] WARN  c.e.demo.service.ScheduleServiceImpl - 新竹->2025-08-07,目前空缺=櫃台0,跟診0,流動0
2025-08-25 20:34:53.130 [http-nio-8080-exec-2] WARN  c.e.demo.service.ScheduleServiceImpl - 新竹->2025-08-08,目前空缺=櫃台0,跟診0,流動1
2025-08-25 20:34:53.133 [http-nio-8080-exec-1] WARN  c.e.demo.service.ScheduleServiceImpl - 新竹->2025-08-11,目前空缺=櫃台0,跟診0,流動0
2025-08-25 20:34:53.150 [http-nio-8080-exec-2] WARN  c.e.demo.service.ScheduleServiceImpl - 新竹->2025-08-09,目前空缺=櫃台0,跟診0,流動0
2025-08-25 20:34:53.171 [http-nio-8080-exec-1] WARN  c.e.demo.service.ScheduleServiceImpl - 新竹->2025-08-12,目前空缺=櫃台0,跟診1,流動0
2025-08-25 20:34:53.177 [http-nio-8080-exec-2] WARN  c.e.demo.service.ScheduleServiceImpl - 新竹->2025-08-09,目前空缺=櫃台0,跟診0,流動0
2025-08-25 20:34:53.208 [http-nio-8080-exec-2] WARN  c.e.demo.service.ScheduleServiceImpl - 新竹->2025-08-11,目前空缺=櫃台0,跟診0,流動0
2025-08-25 20:34:53.208 [http-nio-8080-exec-1] WARN  c.e.demo.service.ScheduleServiceImpl - 新竹->2025-08-13,目前空缺=櫃台0,跟診0,流動0
2025-08-25 20:34:53.236 [http-nio-8080-exec-1] WARN  c.e.demo.service.ScheduleServiceImpl - 新竹->2025-08-14,目前空缺=櫃台0,跟診0,流動0
2025-08-25 20:34:53.245 [http-nio-8080-exec-2] WARN  c.e.demo.service.ScheduleServiceImpl - 新竹->2025-08-12,目前空缺=櫃台0,跟診0,流動0
2025-08-25 20:34:53.264 [http-nio-8080-exec-1] WARN  c.e.demo.service.ScheduleServiceImpl - 新竹->2025-08-15,目前空缺=櫃台0,跟診0,流動1
2025-08-25 20:34:53.276 [http-nio-8080-exec-2] WARN  c.e.demo.service.ScheduleServiceImpl - 新竹->2025-08-13,目前空缺=櫃台0,跟診0,流動0
2025-08-25 20:34:53.336 [http-nio-8080-exec-1] WARN  c.e.demo.service.ScheduleServiceImpl - 新竹->2025-08-16,目前空缺=櫃台0,跟診0,流動0
2025-08-25 20:34:53.355 [http-nio-8080-exec-2] WARN  c.e.demo.service.ScheduleServiceImpl - 新竹->2025-08-14,目前空缺=櫃台0,跟診0,流動0
2025-08-25 20:34:53.364 [http-nio-8080-exec-1] WARN  c.e.demo.service.ScheduleServiceImpl - 新竹->2025-08-16,目前空缺=櫃台0,跟診0,流動0
2025-08-25 20:34:53.377 [http-nio-8080-exec-2] WARN  c.e.demo.service.ScheduleServiceImpl - 新竹->2025-08-15,目前空缺=櫃台0,跟診0,流動1
2025-08-25 20:34:53.388 [http-nio-8080-exec-1] WARN  c.e.demo.service.ScheduleServiceImpl - 新竹->2025-08-18,目前空缺=櫃台0,跟診0,流動0
2025-08-25 20:34:53.396 [http-nio-8080-exec-2] WARN  c.e.demo.service.ScheduleServiceImpl - 新竹->2025-08-16,目前空缺=櫃台0,跟診0,流動0
2025-08-25 20:34:53.416 [http-nio-8080-exec-2] WARN  c.e.demo.service.ScheduleServiceImpl - 新竹->2025-08-16,目前空缺=櫃台0,跟診0,流動0
2025-08-25 20:34:53.419 [http-nio-8080-exec-1] WARN  c.e.demo.service.ScheduleServiceImpl - 新竹->2025-08-19,目前空缺=櫃台0,跟診0,流動0
2025-08-25 20:34:53.436 [http-nio-8080-exec-2] WARN  c.e.demo.service.ScheduleServiceImpl - 新竹->2025-08-18,目前空缺=櫃台0,跟診0,流動0
2025-08-25 20:34:53.446 [http-nio-8080-exec-1] WARN  c.e.demo.service.ScheduleServiceImpl - 新竹->2025-08-20,目前空缺=櫃台0,跟診0,流動0
2025-08-25 20:34:53.467 [http-nio-8080-exec-2] WARN  c.e.demo.service.ScheduleServiceImpl - 新竹->2025-08-19,目前空缺=櫃台0,跟診0,流動0
2025-08-25 20:34:53.469 [http-nio-8080-exec-1] WARN  c.e.demo.service.ScheduleServiceImpl - 新竹->2025-08-21,目前空缺=櫃台0,跟診0,流動0
2025-08-25 20:34:53.500 [http-nio-8080-exec-2] WARN  c.e.demo.service.ScheduleServiceImpl - 新竹->2025-08-20,目前空缺=櫃台0,跟診0,流動0
2025-08-25 20:34:53.505 [http-nio-8080-exec-1] WARN  c.e.demo.service.ScheduleServiceImpl - 新竹->2025-08-22,目前空缺=櫃台0,跟診1,流動1
2025-08-25 20:34:53.524 [http-nio-8080-exec-1] WARN  c.e.demo.service.ScheduleServiceImpl - 新竹->2025-08-23,目前空缺=櫃台0,跟診0,流動0
2025-08-25 20:34:53.528 [http-nio-8080-exec-2] WARN  c.e.demo.service.ScheduleServiceImpl - 新竹->2025-08-21,目前空缺=櫃台0,跟診0,流動0
2025-08-25 20:34:53.548 [http-nio-8080-exec-1] WARN  c.e.demo.service.ScheduleServiceImpl - 新竹->2025-08-23,目前空缺=櫃台0,跟診0,流動0
2025-08-25 20:34:53.556 [http-nio-8080-exec-2] WARN  c.e.demo.service.ScheduleServiceImpl - 新竹->2025-08-22,目前空缺=櫃台0,跟診1,流動1
2025-08-25 20:34:53.572 [http-nio-8080-exec-1] WARN  c.e.demo.service.ScheduleServiceImpl - 新竹->2025-08-25,目前空缺=櫃台0,跟診0,流動0
2025-08-25 20:34:53.572 [http-nio-8080-exec-2] WARN  c.e.demo.service.ScheduleServiceImpl - 新竹->2025-08-23,目前空缺=櫃台0,跟診0,流動0
2025-08-25 20:34:53.591 [http-nio-8080-exec-2] WARN  c.e.demo.service.ScheduleServiceImpl - 新竹->2025-08-23,目前空缺=櫃台0,跟診0,流動0
2025-08-25 20:34:53.596 [http-nio-8080-exec-1] WARN  c.e.demo.service.ScheduleServiceImpl - 新竹->2025-08-26,目前空缺=櫃台0,跟診1,流動2
2025-08-25 20:34:53.612 [http-nio-8080-exec-2] WARN  c.e.demo.service.ScheduleServiceImpl - 新竹->2025-08-25,目前空缺=櫃台0,跟診0,流動2
2025-08-25 20:34:53.625 [http-nio-8080-exec-1] WARN  c.e.demo.service.ScheduleServiceImpl - 新竹->2025-08-27,目前空缺=櫃台0,跟診1,流動0
2025-08-25 20:34:53.647 [http-nio-8080-exec-2] WARN  c.e.demo.service.ScheduleServiceImpl - 新竹->2025-08-26,目前空缺=櫃台0,跟診0,流動2
2025-08-25 20:34:53.656 [http-nio-8080-exec-1] WARN  c.e.demo.service.ScheduleServiceImpl - 新竹->2025-08-28,目前空缺=櫃台0,跟診0,流動0
2025-08-25 20:34:53.672 [http-nio-8080-exec-2] WARN  c.e.demo.service.ScheduleServiceImpl - 新竹->2025-08-27,目前空缺=櫃台0,跟診0,流動2
2025-08-25 20:34:53.683 [http-nio-8080-exec-1] WARN  c.e.demo.service.ScheduleServiceImpl - 新竹->2025-08-29,目前空缺=櫃台0,跟診1,流動3
2025-08-25 20:34:53.697 [http-nio-8080-exec-2] WARN  c.e.demo.service.ScheduleServiceImpl - 新竹->2025-08-28,目前空缺=櫃台0,跟診1,流動0
2025-08-25 20:34:53.701 [http-nio-8080-exec-1] WARN  c.e.demo.service.ScheduleServiceImpl - 新竹->2025-08-30,目前空缺=櫃台0,跟診1,流動0
2025-08-25 20:34:53.723 [http-nio-8080-exec-2] WARN  c.e.demo.service.ScheduleServiceImpl - 新竹->2025-08-29,目前空缺=櫃台0,跟診2,流動3
2025-08-25 20:34:53.740 [http-nio-8080-exec-2] WARN  c.e.demo.service.ScheduleServiceImpl - 新竹->2025-08-30,目前空缺=櫃台0,跟診1,流動0
2025-08-25 20:36:27.325 [SpringApplicationShutdownHook] INFO  o.s.b.w.e.tomcat.GracefulShutdown - Commencing graceful shutdown. Waiting for active requests to complete
2025-08-25 20:36:27.531 [tomcat-shutdown] INFO  o.s.b.w.e.tomcat.GracefulShutdown - Graceful shutdown complete
2025-08-25 20:36:27.535 [SpringApplicationShutdownHook] INFO  o.s.o.j.LocalContainerEntityManagerFactoryBean - Closing JPA EntityManagerFactory for persistence unit 'default'
2025-08-25 20:36:27.535 [SpringApplicationShutdownHook] INFO  com.zaxxer.hikari.HikariDataSource - HikariPool-1 - Shutdown initiated...
2025-08-25 20:36:27.539 [SpringApplicationShutdownHook] INFO  com.zaxxer.hikari.HikariDataSource - HikariPool-1 - Shutdown completed.
2025-08-25 20:38:08.035 [restartedMain] INFO  com.example.demo.DemoApplication - Starting DemoApplication using Java 17.0.15 with PID 15812 (D:\demo\demo\target\classes started by 王品傑 in D:\demo\demo)
2025-08-25 20:38:08.041 [restartedMain] INFO  com.example.demo.DemoApplication - No active profile set, falling back to 1 default profile: "default"
2025-08-25 20:38:08.100 [restartedMain] INFO  o.s.b.d.e.DevToolsPropertyDefaultsPostProcessor - Devtools property defaults active! Set 'spring.devtools.add-properties' to 'false' to disable
2025-08-25 20:38:08.101 [restartedMain] INFO  o.s.b.d.e.DevToolsPropertyDefaultsPostProcessor - For additional web related logging consider setting the 'logging.level.web' property to 'DEBUG'
2025-08-25 20:38:08.805 [restartedMain] INFO  o.s.d.r.c.RepositoryConfigurationDelegate - Bootstrapping Spring Data JPA repositories in DEFAULT mode.
2025-08-25 20:38:08.879 [restartedMain] INFO  o.s.d.r.c.RepositoryConfigurationDelegate - Finished Spring Data repository scanning in 65 ms. Found 4 JPA repository interfaces.
2025-08-25 20:38:09.495 [restartedMain] INFO  o.s.b.w.e.tomcat.TomcatWebServer - Tomcat initialized with port 8080 (http)
2025-08-25 20:38:09.510 [restartedMain] INFO  o.a.catalina.core.StandardService - Starting service [Tomcat]
2025-08-25 20:38:09.510 [restartedMain] INFO  o.a.catalina.core.StandardEngine - Starting Servlet engine: [Apache Tomcat/10.1.43]
2025-08-25 20:38:09.569 [restartedMain] INFO  o.a.c.c.C.[Tomcat].[localhost].[/] - Initializing Spring embedded WebApplicationContext
2025-08-25 20:38:09.570 [restartedMain] INFO  o.s.b.w.s.c.ServletWebServerApplicationContext - Root WebApplicationContext: initialization completed in 1467 ms
2025-08-25 20:38:09.735 [restartedMain] INFO  o.h.jpa.internal.util.LogHelper - HHH000204: Processing PersistenceUnitInfo [name: default]
2025-08-25 20:38:09.787 [restartedMain] INFO  org.hibernate.Version - HHH000412: Hibernate ORM core version 6.6.22.Final
2025-08-25 20:38:09.821 [restartedMain] INFO  o.h.c.i.RegionFactoryInitiator - HHH000026: Second-level cache disabled
2025-08-25 20:38:10.094 [restartedMain] INFO  o.s.o.j.p.SpringPersistenceUnitInfo - No LoadTimeWeaver setup: ignoring JPA class transformer
2025-08-25 20:38:10.125 [restartedMain] INFO  com.zaxxer.hikari.HikariDataSource - HikariPool-1 - Starting...
2025-08-25 20:38:10.367 [restartedMain] INFO  com.zaxxer.hikari.pool.HikariPool - HikariPool-1 - Added connection conn0: url=jdbc:h2:file:./data/testdb user=SA
2025-08-25 20:38:10.369 [restartedMain] INFO  com.zaxxer.hikari.HikariDataSource - HikariPool-1 - Start completed.
2025-08-25 20:38:10.391 [restartedMain] WARN  org.hibernate.orm.deprecation - HHH90000025: H2Dialect does not need to be specified explicitly using 'hibernate.dialect' (remove the property setting and it will be selected by default)
2025-08-25 20:38:10.417 [restartedMain] INFO  o.hibernate.orm.connections.pooling - HHH10001005: Database info:
	Database JDBC URL [Connecting through datasource 'HikariDataSource (HikariPool-1)']
	Database driver: undefined/unknown
	Database version: 2.3.232
	Autocommit mode: undefined/unknown
	Isolation level: undefined/unknown
	Minimum pool size: undefined/unknown
	Maximum pool size: undefined/unknown
2025-08-25 20:38:11.283 [restartedMain] INFO  o.h.e.t.j.p.i.JtaPlatformInitiator - HHH000489: No JTA platform available (set 'hibernate.transaction.jta.platform' to enable JTA platform integration)
2025-08-25 20:38:11.340 [restartedMain] INFO  o.s.o.j.LocalContainerEntityManagerFactoryBean - Initialized JPA EntityManagerFactory for persistence unit 'default'
2025-08-25 20:38:11.583 [restartedMain] INFO  o.s.d.j.r.query.QueryEnhancerFactory - Hibernate is in classpath; If applicable, HQL parser will be used.
2025-08-25 20:38:12.252 [restartedMain] WARN  o.s.b.a.o.j.JpaBaseConfiguration$JpaWebConfiguration - spring.jpa.open-in-view is enabled by default. Therefore, database queries may be performed during view rendering. Explicitly configure spring.jpa.open-in-view to disable this warning
2025-08-25 20:38:12.508 [restartedMain] INFO  o.s.b.a.h.H2ConsoleAutoConfiguration - H2 console available at '/h2-console'. Database available at 'jdbc:h2:file:./data/testdb'
2025-08-25 20:38:12.577 [restartedMain] INFO  o.s.b.d.a.OptionalLiveReloadServer - LiveReload server is running on port 35729
2025-08-25 20:38:12.612 [restartedMain] INFO  o.s.b.w.e.tomcat.TomcatWebServer - Tomcat started on port 8080 (http) with context path '/'
2025-08-25 20:38:12.624 [restartedMain] INFO  com.example.demo.DemoApplication - Started DemoApplication in 5.118 seconds (process running for 5.525)
2025-08-25 20:38:33.448 [http-nio-8080-exec-1] INFO  o.a.c.c.C.[Tomcat].[localhost].[/] - Initializing Spring DispatcherServlet 'dispatcherServlet'
2025-08-25 20:38:33.448 [http-nio-8080-exec-1] INFO  o.s.web.servlet.DispatcherServlet - Initializing Servlet 'dispatcherServlet'
2025-08-25 20:38:33.455 [http-nio-8080-exec-1] INFO  o.s.web.servlet.DispatcherServlet - Completed initialization in 7 ms
2025-08-25 20:38:34.149 [http-nio-8080-exec-1] WARN  c.e.demo.service.ScheduleServiceImpl - 新竹->2025-08-01,目前空缺=櫃台0,跟診0,流動1
2025-08-25 20:38:34.214 [http-nio-8080-exec-1] WARN  c.e.demo.service.ScheduleServiceImpl - 新竹->2025-08-02,目前空缺=櫃台0,跟診0,流動0
2025-08-25 20:38:34.264 [http-nio-8080-exec-1] WARN  c.e.demo.service.ScheduleServiceImpl - 新竹->2025-08-02,目前空缺=櫃台0,跟診0,流動0
2025-08-25 20:38:34.308 [http-nio-8080-exec-1] WARN  c.e.demo.service.ScheduleServiceImpl - 新竹->2025-08-04,目前空缺=櫃台0,跟診0,流動0
2025-08-25 20:38:34.377 [http-nio-8080-exec-1] WARN  c.e.demo.service.ScheduleServiceImpl - 新竹->2025-08-05,目前空缺=櫃台0,跟診0,流動0
2025-08-25 20:38:34.434 [http-nio-8080-exec-1] WARN  c.e.demo.service.ScheduleServiceImpl - 新竹->2025-08-06,目前空缺=櫃台0,跟診0,流動0
2025-08-25 20:38:34.499 [http-nio-8080-exec-1] WARN  c.e.demo.service.ScheduleServiceImpl - 新竹->2025-08-07,目前空缺=櫃台0,跟診0,流動0
2025-08-25 20:38:34.547 [http-nio-8080-exec-1] WARN  c.e.demo.service.ScheduleServiceImpl - 新竹->2025-08-08,目前空缺=櫃台0,跟診0,流動1
2025-08-25 20:38:34.578 [http-nio-8080-exec-1] WARN  c.e.demo.service.ScheduleServiceImpl - 新竹->2025-08-09,目前空缺=櫃台0,跟診0,流動0
2025-08-25 20:38:34.615 [http-nio-8080-exec-1] WARN  c.e.demo.service.ScheduleServiceImpl - 新竹->2025-08-09,目前空缺=櫃台0,跟診0,流動0
2025-08-25 20:38:34.654 [http-nio-8080-exec-1] WARN  c.e.demo.service.ScheduleServiceImpl - 新竹->2025-08-11,目前空缺=櫃台0,跟診0,流動0
2025-08-25 20:38:34.705 [http-nio-8080-exec-1] WARN  c.e.demo.service.ScheduleServiceImpl - 新竹->2025-08-12,目前空缺=櫃台0,跟診0,流動0
2025-08-25 20:38:34.749 [http-nio-8080-exec-1] WARN  c.e.demo.service.ScheduleServiceImpl - 新竹->2025-08-13,目前空缺=櫃台0,跟診0,流動0
2025-08-25 20:38:34.785 [http-nio-8080-exec-1] WARN  c.e.demo.service.ScheduleServiceImpl - 新竹->2025-08-14,目前空缺=櫃台0,跟診0,流動0
2025-08-25 20:38:34.824 [http-nio-8080-exec-1] WARN  c.e.demo.service.ScheduleServiceImpl - 新竹->2025-08-15,目前空缺=櫃台0,跟診0,流動1
2025-08-25 20:38:34.855 [http-nio-8080-exec-1] WARN  c.e.demo.service.ScheduleServiceImpl - 新竹->2025-08-16,目前空缺=櫃台0,跟診0,流動0
2025-08-25 20:38:34.886 [http-nio-8080-exec-1] WARN  c.e.demo.service.ScheduleServiceImpl - 新竹->2025-08-16,目前空缺=櫃台0,跟診0,流動0
2025-08-25 20:38:34.920 [http-nio-8080-exec-1] WARN  c.e.demo.service.ScheduleServiceImpl - 新竹->2025-08-18,目前空缺=櫃台0,跟診0,流動0
2025-08-25 20:38:34.962 [http-nio-8080-exec-1] WARN  c.e.demo.service.ScheduleServiceImpl - 新竹->2025-08-19,目前空缺=櫃台0,跟診0,流動0
2025-08-25 20:38:34.994 [http-nio-8080-exec-1] WARN  c.e.demo.service.ScheduleServiceImpl - 新竹->2025-08-20,目前空缺=櫃台0,跟診0,流動0
2025-08-25 20:38:35.029 [http-nio-8080-exec-1] WARN  c.e.demo.service.ScheduleServiceImpl - 新竹->2025-08-21,目前空缺=櫃台0,跟診0,流動0
2025-08-25 20:38:35.054 [http-nio-8080-exec-1] WARN  c.e.demo.service.ScheduleServiceImpl - 新竹->2025-08-22,目前空缺=櫃台0,跟診0,流動1
2025-08-25 20:38:35.079 [http-nio-8080-exec-1] WARN  c.e.demo.service.ScheduleServiceImpl - 新竹->2025-08-23,目前空缺=櫃台0,跟診0,流動0
2025-08-25 20:38:35.105 [http-nio-8080-exec-1] WARN  c.e.demo.service.ScheduleServiceImpl - 新竹->2025-08-23,目前空缺=櫃台0,跟診0,流動0
2025-08-25 20:38:35.185 [http-nio-8080-exec-1] WARN  c.e.demo.service.ScheduleServiceImpl - 新竹->2025-08-25,目前空缺=櫃台0,跟診0,流動2
2025-08-25 20:38:35.226 [http-nio-8080-exec-1] WARN  c.e.demo.service.ScheduleServiceImpl - 新竹->2025-08-26,目前空缺=櫃台0,跟診0,流動2
2025-08-25 20:38:35.260 [http-nio-8080-exec-1] WARN  c.e.demo.service.ScheduleServiceImpl - 新竹->2025-08-27,目前空缺=櫃台0,跟診0,流動2
2025-08-25 20:38:35.290 [http-nio-8080-exec-1] WARN  c.e.demo.service.ScheduleServiceImpl - 新竹->2025-08-28,目前空缺=櫃台0,跟診1,流動0
2025-08-25 20:38:35.315 [http-nio-8080-exec-1] WARN  c.e.demo.service.ScheduleServiceImpl - 新竹->2025-08-29,目前空缺=櫃台0,跟診2,流動3
2025-08-25 20:38:35.345 [http-nio-8080-exec-1] WARN  c.e.demo.service.ScheduleServiceImpl - 新竹->2025-08-30,目前空缺=櫃台0,跟診1,流動0
2025-08-25 20:49:33.827 [restartedMain] INFO  com.example.demo.DemoApplication - Starting DemoApplication using Java 17.0.15 with PID 8348 (D:\demo\demo\target\classes started by 王品傑 in D:\demo\demo)
2025-08-25 20:49:33.827 [restartedMain] INFO  com.example.demo.DemoApplication - No active profile set, falling back to 1 default profile: "default"
2025-08-25 20:49:33.888 [restartedMain] INFO  o.s.b.d.e.DevToolsPropertyDefaultsPostProcessor - Devtools property defaults active! Set 'spring.devtools.add-properties' to 'false' to disable
2025-08-25 20:49:33.888 [restartedMain] INFO  o.s.b.d.e.DevToolsPropertyDefaultsPostProcessor - For additional web related logging consider setting the 'logging.level.web' property to 'DEBUG'
2025-08-25 20:49:34.679 [restartedMain] INFO  o.s.d.r.c.RepositoryConfigurationDelegate - Bootstrapping Spring Data JPA repositories in DEFAULT mode.
2025-08-25 20:49:34.770 [restartedMain] INFO  o.s.d.r.c.RepositoryConfigurationDelegate - Finished Spring Data repository scanning in 74 ms. Found 4 JPA repository interfaces.
2025-08-25 20:49:35.477 [restartedMain] INFO  o.s.b.w.e.tomcat.TomcatWebServer - Tomcat initialized with port 8080 (http)
2025-08-25 20:49:35.498 [restartedMain] INFO  o.a.catalina.core.StandardService - Starting service [Tomcat]
2025-08-25 20:49:35.498 [restartedMain] INFO  o.a.catalina.core.StandardEngine - Starting Servlet engine: [Apache Tomcat/10.1.43]
2025-08-25 20:49:35.566 [restartedMain] INFO  o.a.c.c.C.[Tomcat].[localhost].[/] - Initializing Spring embedded WebApplicationContext
2025-08-25 20:49:35.567 [restartedMain] INFO  o.s.b.w.s.c.ServletWebServerApplicationContext - Root WebApplicationContext: initialization completed in 1678 ms
2025-08-25 20:49:35.748 [restartedMain] INFO  o.h.jpa.internal.util.LogHelper - HHH000204: Processing PersistenceUnitInfo [name: default]
2025-08-25 20:49:35.798 [restartedMain] INFO  org.hibernate.Version - HHH000412: Hibernate ORM core version 6.6.22.Final
2025-08-25 20:49:35.842 [restartedMain] INFO  o.h.c.i.RegionFactoryInitiator - HHH000026: Second-level cache disabled
2025-08-25 20:49:36.105 [restartedMain] INFO  o.s.o.j.p.SpringPersistenceUnitInfo - No LoadTimeWeaver setup: ignoring JPA class transformer
2025-08-25 20:49:36.132 [restartedMain] INFO  com.zaxxer.hikari.HikariDataSource - HikariPool-1 - Starting...
2025-08-25 20:49:36.414 [restartedMain] INFO  com.zaxxer.hikari.pool.HikariPool - HikariPool-1 - Added connection conn0: url=jdbc:h2:file:./data/testdb user=SA
2025-08-25 20:49:36.418 [restartedMain] INFO  com.zaxxer.hikari.HikariDataSource - HikariPool-1 - Start completed.
2025-08-25 20:49:36.443 [restartedMain] WARN  org.hibernate.orm.deprecation - HHH90000025: H2Dialect does not need to be specified explicitly using 'hibernate.dialect' (remove the property setting and it will be selected by default)
2025-08-25 20:49:36.468 [restartedMain] INFO  o.hibernate.orm.connections.pooling - HHH10001005: Database info:
	Database JDBC URL [Connecting through datasource 'HikariDataSource (HikariPool-1)']
	Database driver: undefined/unknown
	Database version: 2.3.232
	Autocommit mode: undefined/unknown
	Isolation level: undefined/unknown
	Minimum pool size: undefined/unknown
	Maximum pool size: undefined/unknown
2025-08-25 20:49:37.363 [restartedMain] INFO  o.h.e.t.j.p.i.JtaPlatformInitiator - HHH000489: No JTA platform available (set 'hibernate.transaction.jta.platform' to enable JTA platform integration)
2025-08-25 20:49:37.423 [restartedMain] INFO  o.s.o.j.LocalContainerEntityManagerFactoryBean - Initialized JPA EntityManagerFactory for persistence unit 'default'
2025-08-25 20:49:37.678 [restartedMain] INFO  o.s.d.j.r.query.QueryEnhancerFactory - Hibernate is in classpath; If applicable, HQL parser will be used.
2025-08-25 20:49:38.447 [restartedMain] WARN  o.s.b.a.o.j.JpaBaseConfiguration$JpaWebConfiguration - spring.jpa.open-in-view is enabled by default. Therefore, database queries may be performed during view rendering. Explicitly configure spring.jpa.open-in-view to disable this warning
2025-08-25 20:49:38.711 [restartedMain] INFO  o.s.b.a.h.H2ConsoleAutoConfiguration - H2 console available at '/h2-console'. Database available at 'jdbc:h2:file:./data/testdb'
2025-08-25 20:49:38.787 [restartedMain] INFO  o.s.b.d.a.OptionalLiveReloadServer - LiveReload server is running on port 35729
2025-08-25 20:49:38.829 [restartedMain] INFO  o.s.b.w.e.tomcat.TomcatWebServer - Tomcat started on port 8080 (http) with context path '/'
2025-08-25 20:49:38.838 [restartedMain] INFO  com.example.demo.DemoApplication - Started DemoApplication in 5.588 seconds (process running for 6.151)
2025-08-25 20:49:41.866 [http-nio-8080-exec-1] INFO  o.a.c.c.C.[Tomcat].[localhost].[/] - Initializing Spring DispatcherServlet 'dispatcherServlet'
2025-08-25 20:49:41.866 [http-nio-8080-exec-1] INFO  o.s.web.servlet.DispatcherServlet - Initializing Servlet 'dispatcherServlet'
2025-08-25 20:49:41.868 [http-nio-8080-exec-1] INFO  o.s.web.servlet.DispatcherServlet - Completed initialization in 2 ms
